[31m2024-04-18 00:05:21,513[0;39m [32m[INFO][0;39m com.zaxxer.hikari.HikariDataSource SpringApplicationShutdownHook [32mHikariPool-3 - Shutdown initiated...
[0;39m[31m2024-04-18 00:05:21,547[0;39m [32m[INFO][0;39m com.zaxxer.hikari.HikariDataSource SpringApplicationShutdownHook [32mHikariPool-3 - Shutdown completed.
[0;39m[31m2024-04-18 00:05:27,951[0;39m [32m[INFO][0;39m elements.spring.explore.SampleBackendAjaxApplication restartedMain [32mStarting SampleBackendAjaxApplication using Java 1.8.0_202 on SRDB with PID 9512 (D:\Course backups\Java\DLithe2024Feb-Corporate-TietoEvry\sample-backend-ajax\target\classes started by SRDB in D:\Course backups\Java\DLithe2024Feb-Corporate-TietoEvry\sample-backend-ajax)
[0;39m[31m2024-04-18 00:05:27,952[0;39m [32m[INFO][0;39m elements.spring.explore.SampleBackendAjaxApplication restartedMain [32mNo active profile set, falling back to 1 default profile: "default"
[0;39m[31m2024-04-18 00:05:28,011[0;39m [32m[INFO][0;39m org.springframework.boot.devtools.restart.ChangeableUrls restartedMain [32mThe Class-Path manifest attribute in C:\Users\ADMIN\.m2\repository\com\oracle\database\security\oraclepki\21.5.0.0\oraclepki-21.5.0.0.jar referenced one or more files that do not exist: file:/C:/Users/ADMIN/.m2/repository/com/oracle/database/security/oraclepki/21.5.0.0/osdt_core.jar,file:/C:/Users/ADMIN/.m2/repository/com/oracle/database/security/oraclepki/21.5.0.0/osdt_cert.jar,file:/C:/Users/ADMIN/.m2/repository/com/oracle/database/security/oraclepki/oracle.osdt/osdt_core.jar,file:/C:/Users/ADMIN/.m2/repository/com/oracle/database/security/oraclepki/oracle.osdt/osdt_cert.jar
[0;39m[31m2024-04-18 00:05:28,011[0;39m [32m[INFO][0;39m org.springframework.boot.devtools.env.DevToolsPropertyDefaultsPostProcessor restartedMain [32mDevtools property defaults active! Set 'spring.devtools.add-properties' to 'false' to disable
[0;39m[31m2024-04-18 00:05:28,012[0;39m [32m[INFO][0;39m org.springframework.boot.devtools.env.DevToolsPropertyDefaultsPostProcessor restartedMain [32mFor additional web related logging consider setting the 'logging.level.web' property to 'DEBUG'
[0;39m[31m2024-04-18 00:05:29,108[0;39m [32m[INFO][0;39m org.springframework.data.repository.config.RepositoryConfigurationDelegate restartedMain [32mBootstrapping Spring Data JDBC repositories in DEFAULT mode.
[0;39m[31m2024-04-18 00:05:29,124[0;39m [32m[INFO][0;39m org.springframework.data.repository.config.RepositoryConfigurationDelegate restartedMain [32mFinished Spring Data repository scanning in 9 ms. Found 0 JDBC repository interfaces.
[0;39m[31m2024-04-18 00:05:29,481[0;39m [32m[INFO][0;39m org.springframework.context.support.PostProcessorRegistrationDelegate$BeanPostProcessorChecker restartedMain [32mBean 'soapServiceConfiguration' of type [elements.spring.explore.SoapServiceConfiguration$$EnhancerBySpringCGLIB$$3ec05a0a] is not eligible for getting processed by all BeanPostProcessors (for example: not eligible for auto-proxying)
[0;39m[31m2024-04-18 00:05:29,482[0;39m [32m[INFO][0;39m org.springframework.context.support.PostProcessorRegistrationDelegate$BeanPostProcessorChecker restartedMain [32mBean 'org.springframework.ws.config.annotation.DelegatingWsConfiguration' of type [org.springframework.ws.config.annotation.DelegatingWsConfiguration$$EnhancerBySpringCGLIB$$5f5d3533] is not eligible for getting processed by all BeanPostProcessors (for example: not eligible for auto-proxying)
[0;39m[31m2024-04-18 00:05:29,573[0;39m [32m[INFO][0;39m org.springframework.ws.soap.addressing.server.AnnotationActionEndpointMapping restartedMain [32mSupporting [WS-Addressing August 2004, WS-Addressing 1.0]
[0;39m[31m2024-04-18 00:05:30,149[0;39m [32m[INFO][0;39m org.springframework.boot.web.embedded.tomcat.TomcatWebServer restartedMain [32mTomcat initialized with port(s): 8082 (http)
[0;39m[31m2024-04-18 00:05:30,164[0;39m [32m[INFO][0;39m org.apache.catalina.core.StandardService restartedMain [32mStarting service [Tomcat]
[0;39m[31m2024-04-18 00:05:30,164[0;39m [32m[INFO][0;39m org.apache.catalina.core.StandardEngine restartedMain [32mStarting Servlet engine: [Apache Tomcat/9.0.73]
[0;39m[31m2024-04-18 00:05:30,288[0;39m [32m[INFO][0;39m org.apache.catalina.core.ContainerBase.[Tomcat].[localhost].[/] restartedMain [32mInitializing Spring embedded WebApplicationContext
[0;39m[31m2024-04-18 00:05:30,289[0;39m [32m[INFO][0;39m org.springframework.boot.web.servlet.context.ServletWebServerApplicationContext restartedMain [32mRoot WebApplicationContext: initialization completed in 2277 ms
[0;39m[31m2024-04-18 00:05:31,599[0;39m [32m[INFO][0;39m org.springframework.security.web.DefaultSecurityFilterChain restartedMain [32mWill secure any request with [org.springframework.security.web.session.DisableEncodeUrlFilter@128611f8, org.springframework.security.web.context.request.async.WebAsyncManagerIntegrationFilter@695effd3, org.springframework.security.web.context.SecurityContextPersistenceFilter@40986c69, org.springframework.security.web.header.HeaderWriterFilter@6837b748, org.springframework.web.filter.CorsFilter@643a89ce, org.springframework.security.web.authentication.logout.LogoutFilter@5b7b4fa6, org.springframework.security.web.authentication.UsernamePasswordAuthenticationFilter@3d50c30, org.springframework.security.web.authentication.ui.DefaultLoginPageGeneratingFilter@5f9b8a86, org.springframework.security.web.authentication.ui.DefaultLogoutPageGeneratingFilter@66ad72b4, org.springframework.security.web.authentication.www.BasicAuthenticationFilter@3a8d8a24, org.springframework.security.web.savedrequest.RequestCacheAwareFilter@3b546ab1, org.springframework.security.web.servletapi.SecurityContextHolderAwareRequestFilter@2d5a30c8, org.springframework.security.web.authentication.AnonymousAuthenticationFilter@4486a648, org.springframework.security.web.session.SessionManagementFilter@52ae2ab4, org.springframework.security.web.access.ExceptionTranslationFilter@14c2e664, org.springframework.security.web.access.intercept.FilterSecurityInterceptor@43f7aad3]
[0;39m[31m2024-04-18 00:05:31,975[0;39m [32m[INFO][0;39m com.zaxxer.hikari.HikariDataSource restartedMain [32mHikariPool-1 - Starting...
[0;39m[31m2024-04-18 00:05:31,978[0;39m [32m[WARN][0;39m com.zaxxer.hikari.util.DriverDataSource restartedMain [32mRegistered driver with driverClassName=oracle.jdbc.driver.OracleDriver was not found, trying direct instantiation.
[0;39m[31m2024-04-18 00:05:32,094[0;39m [32m[INFO][0;39m com.zaxxer.hikari.pool.PoolBase restartedMain [32mHikariPool-1 - Driver does not support get/set network timeout for connections. (oracle.jdbc.driver.T4CConnection.getNetworkTimeout()I)
[0;39m[31m2024-04-18 00:05:32,099[0;39m [32m[INFO][0;39m com.zaxxer.hikari.HikariDataSource restartedMain [32mHikariPool-1 - Start completed.
[0;39m[31m2024-04-18 00:05:32,326[0;39m [32m[INFO][0;39m org.springframework.boot.devtools.autoconfigure.OptionalLiveReloadServer restartedMain [32mLiveReload server is running on port 35729
[0;39m[31m2024-04-18 00:05:32,374[0;39m [32m[INFO][0;39m org.springframework.boot.web.embedded.tomcat.TomcatWebServer restartedMain [32mTomcat started on port(s): 8082 (http) with context path ''
[0;39m[31m2024-04-18 00:05:32,386[0;39m [32m[INFO][0;39m elements.spring.explore.SampleBackendAjaxApplication restartedMain [32mStarted SampleBackendAjaxApplication in 4.92 seconds (JVM running for 5.853)
[0;39m[31m2024-04-18 00:05:35,030[0;39m [32m[INFO][0;39m org.apache.catalina.core.ContainerBase.[Tomcat].[localhost].[/] http-nio-8082-exec-2 [32mInitializing Spring MessageDispatcherServlet 'messageDispatcherServlet'
[0;39m[31m2024-04-18 00:05:35,030[0;39m [32m[INFO][0;39m org.springframework.ws.transport.http.MessageDispatcherServlet http-nio-8082-exec-2 [32mInitializing Servlet 'messageDispatcherServlet'
[0;39m[31m2024-04-18 00:05:35,037[0;39m [32m[INFO][0;39m org.springframework.ws.soap.saaj.SaajSoapMessageFactory http-nio-8082-exec-2 [32mCreating SAAJ 1.3 MessageFactory with SOAP 1.1 Protocol
[0;39m[31m2024-04-18 00:05:35,052[0;39m [32m[INFO][0;39m org.springframework.ws.transport.http.MessageDispatcherServlet http-nio-8082-exec-2 [32mCompleted initialization in 21 ms
[0;39m[31m2024-04-18 00:08:07,831[0;39m [32m[INFO][0;39m com.zaxxer.hikari.HikariDataSource SpringApplicationShutdownHook [32mHikariPool-1 - Shutdown initiated...
[0;39m[31m2024-04-18 00:08:07,838[0;39m [32m[INFO][0;39m com.zaxxer.hikari.HikariDataSource SpringApplicationShutdownHook [32mHikariPool-1 - Shutdown completed.
[0;39m[31m2024-04-18 00:08:13,101[0;39m [32m[INFO][0;39m elements.spring.explore.SampleBackendAjaxApplication restartedMain [32mStarting SampleBackendAjaxApplication using Java 1.8.0_202 on SRDB with PID 11856 (D:\Course backups\Java\DLithe2024Feb-Corporate-TietoEvry\sample-backend-ajax\target\classes started by SRDB in D:\Course backups\Java\DLithe2024Feb-Corporate-TietoEvry\sample-backend-ajax)
[0;39m[31m2024-04-18 00:08:13,102[0;39m [32m[INFO][0;39m elements.spring.explore.SampleBackendAjaxApplication restartedMain [32mNo active profile set, falling back to 1 default profile: "default"
[0;39m[31m2024-04-18 00:08:13,182[0;39m [32m[INFO][0;39m org.springframework.boot.devtools.restart.ChangeableUrls restartedMain [32mThe Class-Path manifest attribute in C:\Users\ADMIN\.m2\repository\com\oracle\database\security\oraclepki\21.5.0.0\oraclepki-21.5.0.0.jar referenced one or more files that do not exist: file:/C:/Users/ADMIN/.m2/repository/com/oracle/database/security/oraclepki/21.5.0.0/osdt_core.jar,file:/C:/Users/ADMIN/.m2/repository/com/oracle/database/security/oraclepki/21.5.0.0/osdt_cert.jar,file:/C:/Users/ADMIN/.m2/repository/com/oracle/database/security/oraclepki/oracle.osdt/osdt_core.jar,file:/C:/Users/ADMIN/.m2/repository/com/oracle/database/security/oraclepki/oracle.osdt/osdt_cert.jar
[0;39m[31m2024-04-18 00:08:13,182[0;39m [32m[INFO][0;39m org.springframework.boot.devtools.env.DevToolsPropertyDefaultsPostProcessor restartedMain [32mDevtools property defaults active! Set 'spring.devtools.add-properties' to 'false' to disable
[0;39m[31m2024-04-18 00:08:13,182[0;39m [32m[INFO][0;39m org.springframework.boot.devtools.env.DevToolsPropertyDefaultsPostProcessor restartedMain [32mFor additional web related logging consider setting the 'logging.level.web' property to 'DEBUG'
[0;39m[31m2024-04-18 00:08:14,027[0;39m [32m[INFO][0;39m org.springframework.data.repository.config.RepositoryConfigurationDelegate restartedMain [32mBootstrapping Spring Data JDBC repositories in DEFAULT mode.
[0;39m[31m2024-04-18 00:08:14,037[0;39m [32m[INFO][0;39m org.springframework.data.repository.config.RepositoryConfigurationDelegate restartedMain [32mFinished Spring Data repository scanning in 6 ms. Found 0 JDBC repository interfaces.
[0;39m[31m2024-04-18 00:08:14,351[0;39m [32m[INFO][0;39m org.springframework.context.support.PostProcessorRegistrationDelegate$BeanPostProcessorChecker restartedMain [32mBean 'soapServiceConfiguration' of type [elements.spring.explore.SoapServiceConfiguration$$EnhancerBySpringCGLIB$$17a32edb] is not eligible for getting processed by all BeanPostProcessors (for example: not eligible for auto-proxying)
[0;39m[31m2024-04-18 00:08:14,353[0;39m [32m[INFO][0;39m org.springframework.context.support.PostProcessorRegistrationDelegate$BeanPostProcessorChecker restartedMain [32mBean 'org.springframework.ws.config.annotation.DelegatingWsConfiguration' of type [org.springframework.ws.config.annotation.DelegatingWsConfiguration$$EnhancerBySpringCGLIB$$38400a04] is not eligible for getting processed by all BeanPostProcessors (for example: not eligible for auto-proxying)
[0;39m[31m2024-04-18 00:08:14,742[0;39m [32m[INFO][0;39m org.springframework.ws.soap.addressing.server.AnnotationActionEndpointMapping restartedMain [32mSupporting [WS-Addressing August 2004, WS-Addressing 1.0]
[0;39m[31m2024-04-18 00:08:15,309[0;39m [32m[INFO][0;39m org.springframework.boot.web.embedded.tomcat.TomcatWebServer restartedMain [32mTomcat initialized with port(s): 8082 (http)
[0;39m[31m2024-04-18 00:08:15,322[0;39m [32m[INFO][0;39m org.apache.catalina.core.StandardService restartedMain [32mStarting service [Tomcat]
[0;39m[31m2024-04-18 00:08:15,324[0;39m [32m[INFO][0;39m org.apache.catalina.core.StandardEngine restartedMain [32mStarting Servlet engine: [Apache Tomcat/9.0.73]
[0;39m[31m2024-04-18 00:08:15,435[0;39m [32m[INFO][0;39m org.apache.catalina.core.ContainerBase.[Tomcat].[localhost].[/] restartedMain [32mInitializing Spring embedded WebApplicationContext
[0;39m[31m2024-04-18 00:08:15,435[0;39m [32m[INFO][0;39m org.springframework.boot.web.servlet.context.ServletWebServerApplicationContext restartedMain [32mRoot WebApplicationContext: initialization completed in 2251 ms
[0;39m[31m2024-04-18 00:08:16,849[0;39m [32m[INFO][0;39m org.springframework.security.web.DefaultSecurityFilterChain restartedMain [32mWill secure any request with [org.springframework.security.web.session.DisableEncodeUrlFilter@4bbce79f, org.springframework.security.web.context.request.async.WebAsyncManagerIntegrationFilter@54834d45, org.springframework.security.web.context.SecurityContextPersistenceFilter@58500434, org.springframework.security.web.header.HeaderWriterFilter@2ba6ac29, org.springframework.web.filter.CorsFilter@60b54b53, org.springframework.security.web.authentication.logout.LogoutFilter@34f7f239, org.springframework.security.web.authentication.UsernamePasswordAuthenticationFilter@178fc8a, org.springframework.security.web.authentication.ui.DefaultLoginPageGeneratingFilter@7d3e499b, org.springframework.security.web.authentication.ui.DefaultLogoutPageGeneratingFilter@68bebd31, org.springframework.security.web.authentication.www.BasicAuthenticationFilter@48bf1251, org.springframework.security.web.savedrequest.RequestCacheAwareFilter@19388dd9, org.springframework.security.web.servletapi.SecurityContextHolderAwareRequestFilter@4eee46e1, org.springframework.security.web.authentication.AnonymousAuthenticationFilter@44123fa6, org.springframework.security.web.session.SessionManagementFilter@69c02c32, org.springframework.security.web.access.ExceptionTranslationFilter@1052ba35, org.springframework.security.web.access.intercept.FilterSecurityInterceptor@70987d2c]
[0;39m[31m2024-04-18 00:08:17,046[0;39m [32m[INFO][0;39m com.zaxxer.hikari.HikariDataSource restartedMain [32mHikariPool-1 - Starting...
[0;39m[31m2024-04-18 00:08:17,048[0;39m [32m[WARN][0;39m com.zaxxer.hikari.util.DriverDataSource restartedMain [32mRegistered driver with driverClassName=oracle.jdbc.driver.OracleDriver was not found, trying direct instantiation.
[0;39m[31m2024-04-18 00:08:17,158[0;39m [32m[INFO][0;39m com.zaxxer.hikari.pool.PoolBase restartedMain [32mHikariPool-1 - Driver does not support get/set network timeout for connections. (oracle.jdbc.driver.T4CConnection.getNetworkTimeout()I)
[0;39m[31m2024-04-18 00:08:17,163[0;39m [32m[INFO][0;39m com.zaxxer.hikari.HikariDataSource restartedMain [32mHikariPool-1 - Start completed.
[0;39m[31m2024-04-18 00:08:17,283[0;39m [32m[INFO][0;39m org.springframework.boot.devtools.autoconfigure.OptionalLiveReloadServer restartedMain [32mLiveReload server is running on port 35729
[0;39m[31m2024-04-18 00:08:17,324[0;39m [32m[INFO][0;39m org.springframework.boot.web.embedded.tomcat.TomcatWebServer restartedMain [32mTomcat started on port(s): 8082 (http) with context path ''
[0;39m[31m2024-04-18 00:08:17,338[0;39m [32m[INFO][0;39m elements.spring.explore.SampleBackendAjaxApplication restartedMain [32mStarted SampleBackendAjaxApplication in 4.764 seconds (JVM running for 5.659)
[0;39m[31m2024-04-18 00:08:35,635[0;39m [32m[INFO][0;39m com.zaxxer.hikari.HikariDataSource SpringApplicationShutdownHook [32mHikariPool-1 - Shutdown initiated...
[0;39m[31m2024-04-18 00:08:35,642[0;39m [32m[INFO][0;39m com.zaxxer.hikari.HikariDataSource SpringApplicationShutdownHook [32mHikariPool-1 - Shutdown completed.
[0;39m[31m2024-04-18 00:08:41,313[0;39m [32m[INFO][0;39m elements.spring.explore.SampleBackendAjaxApplication restartedMain [32mStarting SampleBackendAjaxApplication using Java 1.8.0_202 on SRDB with PID 7892 (D:\Course backups\Java\DLithe2024Feb-Corporate-TietoEvry\sample-backend-ajax\target\classes started by SRDB in D:\Course backups\Java\DLithe2024Feb-Corporate-TietoEvry\sample-backend-ajax)
[0;39m[31m2024-04-18 00:08:41,315[0;39m [32m[INFO][0;39m elements.spring.explore.SampleBackendAjaxApplication restartedMain [32mNo active profile set, falling back to 1 default profile: "default"
[0;39m[31m2024-04-18 00:08:41,381[0;39m [32m[INFO][0;39m org.springframework.boot.devtools.restart.ChangeableUrls restartedMain [32mThe Class-Path manifest attribute in C:\Users\ADMIN\.m2\repository\com\oracle\database\security\oraclepki\21.5.0.0\oraclepki-21.5.0.0.jar referenced one or more files that do not exist: file:/C:/Users/ADMIN/.m2/repository/com/oracle/database/security/oraclepki/21.5.0.0/osdt_core.jar,file:/C:/Users/ADMIN/.m2/repository/com/oracle/database/security/oraclepki/21.5.0.0/osdt_cert.jar,file:/C:/Users/ADMIN/.m2/repository/com/oracle/database/security/oraclepki/oracle.osdt/osdt_core.jar,file:/C:/Users/ADMIN/.m2/repository/com/oracle/database/security/oraclepki/oracle.osdt/osdt_cert.jar
[0;39m[31m2024-04-18 00:08:41,381[0;39m [32m[INFO][0;39m org.springframework.boot.devtools.env.DevToolsPropertyDefaultsPostProcessor restartedMain [32mDevtools property defaults active! Set 'spring.devtools.add-properties' to 'false' to disable
[0;39m[31m2024-04-18 00:08:41,382[0;39m [32m[INFO][0;39m org.springframework.boot.devtools.env.DevToolsPropertyDefaultsPostProcessor restartedMain [32mFor additional web related logging consider setting the 'logging.level.web' property to 'DEBUG'
[0;39m[31m2024-04-18 00:08:42,381[0;39m [32m[INFO][0;39m org.springframework.data.repository.config.RepositoryConfigurationDelegate restartedMain [32mBootstrapping Spring Data JDBC repositories in DEFAULT mode.
[0;39m[31m2024-04-18 00:08:42,398[0;39m [32m[INFO][0;39m org.springframework.data.repository.config.RepositoryConfigurationDelegate restartedMain [32mFinished Spring Data repository scanning in 10 ms. Found 0 JDBC repository interfaces.
[0;39m[31m2024-04-18 00:08:42,682[0;39m [32m[INFO][0;39m org.springframework.context.support.PostProcessorRegistrationDelegate$BeanPostProcessorChecker restartedMain [32mBean 'soapServiceConfiguration' of type [elements.spring.explore.SoapServiceConfiguration$$EnhancerBySpringCGLIB$$78c3df4b] is not eligible for getting processed by all BeanPostProcessors (for example: not eligible for auto-proxying)
[0;39m[31m2024-04-18 00:08:42,683[0;39m [32m[INFO][0;39m org.springframework.context.support.PostProcessorRegistrationDelegate$BeanPostProcessorChecker restartedMain [32mBean 'org.springframework.ws.config.annotation.DelegatingWsConfiguration' of type [org.springframework.ws.config.annotation.DelegatingWsConfiguration$$EnhancerBySpringCGLIB$$9960ba74] is not eligible for getting processed by all BeanPostProcessors (for example: not eligible for auto-proxying)
[0;39m[31m2024-04-18 00:08:42,768[0;39m [32m[INFO][0;39m org.springframework.ws.soap.addressing.server.AnnotationActionEndpointMapping restartedMain [32mSupporting [WS-Addressing August 2004, WS-Addressing 1.0]
[0;39m[31m2024-04-18 00:08:43,153[0;39m [32m[INFO][0;39m org.springframework.boot.web.embedded.tomcat.TomcatWebServer restartedMain [32mTomcat initialized with port(s): 8082 (http)
[0;39m[31m2024-04-18 00:08:43,162[0;39m [32m[INFO][0;39m org.apache.catalina.core.StandardService restartedMain [32mStarting service [Tomcat]
[0;39m[31m2024-04-18 00:08:43,162[0;39m [32m[INFO][0;39m org.apache.catalina.core.StandardEngine restartedMain [32mStarting Servlet engine: [Apache Tomcat/9.0.73]
[0;39m[31m2024-04-18 00:08:43,248[0;39m [32m[INFO][0;39m org.apache.catalina.core.ContainerBase.[Tomcat].[localhost].[/] restartedMain [32mInitializing Spring embedded WebApplicationContext
[0;39m[31m2024-04-18 00:08:43,248[0;39m [32m[INFO][0;39m org.springframework.boot.web.servlet.context.ServletWebServerApplicationContext restartedMain [32mRoot WebApplicationContext: initialization completed in 1866 ms
[0;39m[31m2024-04-18 00:08:44,313[0;39m [32m[INFO][0;39m org.springframework.security.web.DefaultSecurityFilterChain restartedMain [32mWill secure any request with [org.springframework.security.web.session.DisableEncodeUrlFilter@305d59a9, org.springframework.security.web.context.request.async.WebAsyncManagerIntegrationFilter@5beb2d05, org.springframework.security.web.context.SecurityContextPersistenceFilter@edd52ce, org.springframework.security.web.header.HeaderWriterFilter@514e17d0, org.springframework.web.filter.CorsFilter@267618fc, org.springframework.security.web.authentication.logout.LogoutFilter@2fc7bef, org.springframework.security.web.authentication.UsernamePasswordAuthenticationFilter@7b6482c5, org.springframework.security.web.authentication.ui.DefaultLoginPageGeneratingFilter@3ff752be, org.springframework.security.web.authentication.ui.DefaultLogoutPageGeneratingFilter@2a260e96, org.springframework.security.web.authentication.www.BasicAuthenticationFilter@7ef314c3, org.springframework.security.web.savedrequest.RequestCacheAwareFilter@78d180b4, org.springframework.security.web.servletapi.SecurityContextHolderAwareRequestFilter@52bf1f18, org.springframework.security.web.authentication.AnonymousAuthenticationFilter@706c9a6a, org.springframework.security.web.session.SessionManagementFilter@796632fd, org.springframework.security.web.access.ExceptionTranslationFilter@4ec94678, org.springframework.security.web.access.intercept.FilterSecurityInterceptor@4ef44afc]
[0;39m[31m2024-04-18 00:08:44,564[0;39m [32m[INFO][0;39m com.zaxxer.hikari.HikariDataSource restartedMain [32mHikariPool-1 - Starting...
[0;39m[31m2024-04-18 00:08:44,565[0;39m [32m[WARN][0;39m com.zaxxer.hikari.util.DriverDataSource restartedMain [32mRegistered driver with driverClassName=oracle.jdbc.driver.OracleDriver was not found, trying direct instantiation.
[0;39m[31m2024-04-18 00:08:44,646[0;39m [32m[INFO][0;39m com.zaxxer.hikari.pool.PoolBase restartedMain [32mHikariPool-1 - Driver does not support get/set network timeout for connections. (oracle.jdbc.driver.T4CConnection.getNetworkTimeout()I)
[0;39m[31m2024-04-18 00:08:44,649[0;39m [32m[INFO][0;39m com.zaxxer.hikari.HikariDataSource restartedMain [32mHikariPool-1 - Start completed.
[0;39m[31m2024-04-18 00:08:44,818[0;39m [32m[INFO][0;39m org.springframework.boot.devtools.autoconfigure.OptionalLiveReloadServer restartedMain [32mLiveReload server is running on port 35729
[0;39m[31m2024-04-18 00:08:44,866[0;39m [32m[INFO][0;39m org.springframework.boot.web.embedded.tomcat.TomcatWebServer restartedMain [32mTomcat started on port(s): 8082 (http) with context path ''
[0;39m[31m2024-04-18 00:08:44,882[0;39m [32m[INFO][0;39m elements.spring.explore.SampleBackendAjaxApplication restartedMain [32mStarted SampleBackendAjaxApplication in 4.117 seconds (JVM running for 5.302)
[0;39m[31m2024-04-18 00:08:59,094[0;39m [32m[INFO][0;39m org.apache.catalina.core.ContainerBase.[Tomcat].[localhost].[/] http-nio-8082-exec-1 [32mInitializing Spring MessageDispatcherServlet 'messageDispatcherServlet'
[0;39m[31m2024-04-18 00:08:59,095[0;39m [32m[INFO][0;39m org.springframework.ws.transport.http.MessageDispatcherServlet http-nio-8082-exec-1 [32mInitializing Servlet 'messageDispatcherServlet'
[0;39m[31m2024-04-18 00:08:59,102[0;39m [32m[INFO][0;39m org.springframework.ws.soap.saaj.SaajSoapMessageFactory http-nio-8082-exec-1 [32mCreating SAAJ 1.3 MessageFactory with SOAP 1.1 Protocol
[0;39m[31m2024-04-18 00:08:59,119[0;39m [32m[INFO][0;39m org.springframework.ws.transport.http.MessageDispatcherServlet http-nio-8082-exec-1 [32mCompleted initialization in 24 ms
[0;39m[31m2024-04-18 00:19:34,549[0;39m [32m[INFO][0;39m com.zaxxer.hikari.HikariDataSource SpringApplicationShutdownHook [32mHikariPool-1 - Shutdown initiated...
[0;39m[31m2024-04-18 00:19:34,587[0;39m [32m[INFO][0;39m com.zaxxer.hikari.HikariDataSource SpringApplicationShutdownHook [32mHikariPool-1 - Shutdown completed.
[0;39m[31m2024-04-18 00:19:42,592[0;39m [32m[INFO][0;39m elements.spring.explore.SampleBackendAjaxApplication restartedMain [32mStarting SampleBackendAjaxApplication using Java 1.8.0_202 on SRDB with PID 12664 (D:\Course backups\Java\DLithe2024Feb-Corporate-TietoEvry\sample-backend-ajax\target\classes started by SRDB in D:\Course backups\Java\DLithe2024Feb-Corporate-TietoEvry\sample-backend-ajax)
[0;39m[31m2024-04-18 00:19:42,593[0;39m [32m[INFO][0;39m elements.spring.explore.SampleBackendAjaxApplication restartedMain [32mNo active profile set, falling back to 1 default profile: "default"
[0;39m[31m2024-04-18 00:19:42,653[0;39m [32m[INFO][0;39m org.springframework.boot.devtools.restart.ChangeableUrls restartedMain [32mThe Class-Path manifest attribute in C:\Users\ADMIN\.m2\repository\com\oracle\database\security\oraclepki\21.5.0.0\oraclepki-21.5.0.0.jar referenced one or more files that do not exist: file:/C:/Users/ADMIN/.m2/repository/com/oracle/database/security/oraclepki/21.5.0.0/osdt_core.jar,file:/C:/Users/ADMIN/.m2/repository/com/oracle/database/security/oraclepki/21.5.0.0/osdt_cert.jar,file:/C:/Users/ADMIN/.m2/repository/com/oracle/database/security/oraclepki/oracle.osdt/osdt_core.jar,file:/C:/Users/ADMIN/.m2/repository/com/oracle/database/security/oraclepki/oracle.osdt/osdt_cert.jar
[0;39m[31m2024-04-18 00:19:42,654[0;39m [32m[INFO][0;39m org.springframework.boot.devtools.env.DevToolsPropertyDefaultsPostProcessor restartedMain [32mDevtools property defaults active! Set 'spring.devtools.add-properties' to 'false' to disable
[0;39m[31m2024-04-18 00:19:42,654[0;39m [32m[INFO][0;39m org.springframework.boot.devtools.env.DevToolsPropertyDefaultsPostProcessor restartedMain [32mFor additional web related logging consider setting the 'logging.level.web' property to 'DEBUG'
[0;39m[31m2024-04-18 00:19:43,584[0;39m [32m[INFO][0;39m org.springframework.data.repository.config.RepositoryConfigurationDelegate restartedMain [32mBootstrapping Spring Data JDBC repositories in DEFAULT mode.
[0;39m[31m2024-04-18 00:19:43,599[0;39m [32m[INFO][0;39m org.springframework.data.repository.config.RepositoryConfigurationDelegate restartedMain [32mFinished Spring Data repository scanning in 9 ms. Found 0 JDBC repository interfaces.
[0;39m[31m2024-04-18 00:19:43,867[0;39m [32m[INFO][0;39m org.springframework.context.support.PostProcessorRegistrationDelegate$BeanPostProcessorChecker restartedMain [32mBean 'soapServiceConfiguration' of type [elements.spring.explore.SoapServiceConfiguration$$EnhancerBySpringCGLIB$$3bee1ca7] is not eligible for getting processed by all BeanPostProcessors (for example: not eligible for auto-proxying)
[0;39m[31m2024-04-18 00:19:43,868[0;39m [32m[INFO][0;39m org.springframework.context.support.PostProcessorRegistrationDelegate$BeanPostProcessorChecker restartedMain [32mBean 'org.springframework.ws.config.annotation.DelegatingWsConfiguration' of type [org.springframework.ws.config.annotation.DelegatingWsConfiguration$$EnhancerBySpringCGLIB$$5c8af7d0] is not eligible for getting processed by all BeanPostProcessors (for example: not eligible for auto-proxying)
[0;39m[31m2024-04-18 00:19:43,959[0;39m [32m[INFO][0;39m org.springframework.ws.soap.addressing.server.AnnotationActionEndpointMapping restartedMain [32mSupporting [WS-Addressing August 2004, WS-Addressing 1.0]
[0;39m[31m2024-04-18 00:19:44,394[0;39m [32m[INFO][0;39m org.springframework.boot.web.embedded.tomcat.TomcatWebServer restartedMain [32mTomcat initialized with port(s): 8082 (http)
[0;39m[31m2024-04-18 00:19:44,406[0;39m [32m[INFO][0;39m org.apache.catalina.core.StandardService restartedMain [32mStarting service [Tomcat]
[0;39m[31m2024-04-18 00:19:44,406[0;39m [32m[INFO][0;39m org.apache.catalina.core.StandardEngine restartedMain [32mStarting Servlet engine: [Apache Tomcat/9.0.73]
[0;39m[31m2024-04-18 00:19:44,497[0;39m [32m[INFO][0;39m org.apache.catalina.core.ContainerBase.[Tomcat].[localhost].[/] restartedMain [32mInitializing Spring embedded WebApplicationContext
[0;39m[31m2024-04-18 00:19:44,498[0;39m [32m[INFO][0;39m org.springframework.boot.web.servlet.context.ServletWebServerApplicationContext restartedMain [32mRoot WebApplicationContext: initialization completed in 1843 ms
[0;39m[31m2024-04-18 00:19:45,830[0;39m [32m[INFO][0;39m org.springframework.security.web.DefaultSecurityFilterChain restartedMain [32mWill secure any request with [org.springframework.security.web.session.DisableEncodeUrlFilter@27b8a162, org.springframework.security.web.context.request.async.WebAsyncManagerIntegrationFilter@449654c3, org.springframework.security.web.context.SecurityContextPersistenceFilter@3dfc4aff, org.springframework.security.web.header.HeaderWriterFilter@6980e899, org.springframework.web.filter.CorsFilter@1b651828, org.springframework.security.web.authentication.logout.LogoutFilter@451757fd, org.springframework.security.web.authentication.UsernamePasswordAuthenticationFilter@222b8659, org.springframework.security.web.authentication.ui.DefaultLoginPageGeneratingFilter@13b26c14, org.springframework.security.web.authentication.ui.DefaultLogoutPageGeneratingFilter@4e46ce4d, org.springframework.security.web.authentication.www.BasicAuthenticationFilter@53305254, org.springframework.security.web.savedrequest.RequestCacheAwareFilter@13f31ca5, org.springframework.security.web.servletapi.SecurityContextHolderAwareRequestFilter@2a16aad2, org.springframework.security.web.authentication.AnonymousAuthenticationFilter@2c97c556, org.springframework.security.web.session.SessionManagementFilter@949a837, org.springframework.security.web.access.ExceptionTranslationFilter@1f23044f, org.springframework.security.web.access.intercept.FilterSecurityInterceptor@110737bb]
[0;39m[31m2024-04-18 00:19:46,178[0;39m [32m[INFO][0;39m com.zaxxer.hikari.HikariDataSource restartedMain [32mHikariPool-1 - Starting...
[0;39m[31m2024-04-18 00:19:46,181[0;39m [32m[WARN][0;39m com.zaxxer.hikari.util.DriverDataSource restartedMain [32mRegistered driver with driverClassName=oracle.jdbc.driver.OracleDriver was not found, trying direct instantiation.
[0;39m[31m2024-04-18 00:19:46,293[0;39m [32m[INFO][0;39m com.zaxxer.hikari.pool.PoolBase restartedMain [32mHikariPool-1 - Driver does not support get/set network timeout for connections. (oracle.jdbc.driver.T4CConnection.getNetworkTimeout()I)
[0;39m[31m2024-04-18 00:19:46,297[0;39m [32m[INFO][0;39m com.zaxxer.hikari.HikariDataSource restartedMain [32mHikariPool-1 - Start completed.
[0;39m[31m2024-04-18 00:19:46,466[0;39m [32m[INFO][0;39m org.springframework.boot.devtools.autoconfigure.OptionalLiveReloadServer restartedMain [32mLiveReload server is running on port 35729
[0;39m[31m2024-04-18 00:19:46,534[0;39m [32m[INFO][0;39m org.springframework.boot.web.embedded.tomcat.TomcatWebServer restartedMain [32mTomcat started on port(s): 8082 (http) with context path ''
[0;39m[31m2024-04-18 00:19:46,549[0;39m [32m[INFO][0;39m elements.spring.explore.SampleBackendAjaxApplication restartedMain [32mStarted SampleBackendAjaxApplication in 4.414 seconds (JVM running for 5.427)
[0;39m[31m2024-04-18 00:20:02,136[0;39m [32m[INFO][0;39m org.apache.catalina.core.ContainerBase.[Tomcat].[localhost].[/] http-nio-8082-exec-1 [32mInitializing Spring MessageDispatcherServlet 'messageDispatcherServlet'
[0;39m[31m2024-04-18 00:20:02,136[0;39m [32m[INFO][0;39m org.springframework.ws.transport.http.MessageDispatcherServlet http-nio-8082-exec-1 [32mInitializing Servlet 'messageDispatcherServlet'
[0;39m[31m2024-04-18 00:20:02,150[0;39m [32m[INFO][0;39m org.springframework.ws.soap.saaj.SaajSoapMessageFactory http-nio-8082-exec-1 [32mCreating SAAJ 1.3 MessageFactory with SOAP 1.1 Protocol
[0;39m[31m2024-04-18 00:20:02,168[0;39m [32m[INFO][0;39m org.springframework.ws.transport.http.MessageDispatcherServlet http-nio-8082-exec-1 [32mCompleted initialization in 25 ms
[0;39m[31m2024-04-18 00:20:44,863[0;39m [32m[INFO][0;39m org.apache.catalina.core.ContainerBase.[Tomcat].[localhost].[/] http-nio-8082-exec-5 [32mInitializing Spring DispatcherServlet 'dispatcherServlet'
[0;39m[31m2024-04-18 00:20:44,863[0;39m [32m[INFO][0;39m org.springframework.web.servlet.DispatcherServlet http-nio-8082-exec-5 [32mInitializing Servlet 'dispatcherServlet'
[0;39m[31m2024-04-18 00:20:44,867[0;39m [32m[INFO][0;39m org.springframework.web.servlet.DispatcherServlet http-nio-8082-exec-5 [32mCompleted initialization in 4 ms
[0;39m[31m2024-04-18 00:20:45,279[0;39m [32m[INFO][0;39m org.springdoc.api.AbstractOpenApiResource http-nio-8082-exec-5 [32mInit duration for springdoc-openapi is: 340 ms
[0;39m[31m2024-04-18 00:22:05,380[0;39m [32m[INFO][0;39m com.zaxxer.hikari.HikariDataSource SpringApplicationShutdownHook [32mHikariPool-1 - Shutdown initiated...
[0;39m[31m2024-04-18 00:22:05,393[0;39m [32m[INFO][0;39m com.zaxxer.hikari.HikariDataSource SpringApplicationShutdownHook [32mHikariPool-1 - Shutdown completed.
[0;39m[31m2024-04-18 00:25:24,089[0;39m [32m[INFO][0;39m elements.spring.explore.SampleBackendAjaxApplication restartedMain [32mStarting SampleBackendAjaxApplication using Java 1.8.0_202 on SRDB with PID 14712 (D:\Course backups\Java\DLithe2024Feb-Corporate-TietoEvry\sample-backend-ajax\target\classes started by SRDB in D:\Course backups\Java\DLithe2024Feb-Corporate-TietoEvry\sample-backend-ajax)
[0;39m[31m2024-04-18 00:25:24,090[0;39m [32m[INFO][0;39m elements.spring.explore.SampleBackendAjaxApplication restartedMain [32mNo active profile set, falling back to 1 default profile: "default"
[0;39m[31m2024-04-18 00:25:24,148[0;39m [32m[INFO][0;39m org.springframework.boot.devtools.restart.ChangeableUrls restartedMain [32mThe Class-Path manifest attribute in C:\Users\ADMIN\.m2\repository\com\oracle\database\security\oraclepki\21.5.0.0\oraclepki-21.5.0.0.jar referenced one or more files that do not exist: file:/C:/Users/ADMIN/.m2/repository/com/oracle/database/security/oraclepki/21.5.0.0/osdt_core.jar,file:/C:/Users/ADMIN/.m2/repository/com/oracle/database/security/oraclepki/21.5.0.0/osdt_cert.jar,file:/C:/Users/ADMIN/.m2/repository/com/oracle/database/security/oraclepki/oracle.osdt/osdt_core.jar,file:/C:/Users/ADMIN/.m2/repository/com/oracle/database/security/oraclepki/oracle.osdt/osdt_cert.jar
[0;39m[31m2024-04-18 00:25:24,148[0;39m [32m[INFO][0;39m org.springframework.boot.devtools.env.DevToolsPropertyDefaultsPostProcessor restartedMain [32mDevtools property defaults active! Set 'spring.devtools.add-properties' to 'false' to disable
[0;39m[31m2024-04-18 00:25:24,148[0;39m [32m[INFO][0;39m org.springframework.boot.devtools.env.DevToolsPropertyDefaultsPostProcessor restartedMain [32mFor additional web related logging consider setting the 'logging.level.web' property to 'DEBUG'
[0;39m[31m2024-04-18 00:25:24,996[0;39m [32m[INFO][0;39m org.springframework.data.repository.config.RepositoryConfigurationDelegate restartedMain [32mBootstrapping Spring Data JDBC repositories in DEFAULT mode.
[0;39m[31m2024-04-18 00:25:25,012[0;39m [32m[INFO][0;39m org.springframework.data.repository.config.RepositoryConfigurationDelegate restartedMain [32mFinished Spring Data repository scanning in 9 ms. Found 0 JDBC repository interfaces.
[0;39m[31m2024-04-18 00:25:25,198[0;39m [32m[INFO][0;39m org.springframework.context.support.PostProcessorRegistrationDelegate$BeanPostProcessorChecker restartedMain [32mBean 'soapServiceConfiguration' of type [elements.spring.explore.SoapServiceConfiguration$$EnhancerBySpringCGLIB$$2d1d7506] is not eligible for getting processed by all BeanPostProcessors (for example: not eligible for auto-proxying)
[0;39m[31m2024-04-18 00:25:25,199[0;39m [32m[INFO][0;39m org.springframework.context.support.PostProcessorRegistrationDelegate$BeanPostProcessorChecker restartedMain [32mBean 'org.springframework.ws.config.annotation.DelegatingWsConfiguration' of type [org.springframework.ws.config.annotation.DelegatingWsConfiguration$$EnhancerBySpringCGLIB$$4dba502f] is not eligible for getting processed by all BeanPostProcessors (for example: not eligible for auto-proxying)
[0;39m[31m2024-04-18 00:25:25,274[0;39m [32m[INFO][0;39m org.springframework.ws.soap.addressing.server.AnnotationActionEndpointMapping restartedMain [32mSupporting [WS-Addressing August 2004, WS-Addressing 1.0]
[0;39m[31m2024-04-18 00:25:25,683[0;39m [32m[INFO][0;39m org.springframework.boot.web.embedded.tomcat.TomcatWebServer restartedMain [32mTomcat initialized with port(s): 8082 (http)
[0;39m[31m2024-04-18 00:25:25,694[0;39m [32m[INFO][0;39m org.apache.catalina.core.StandardService restartedMain [32mStarting service [Tomcat]
[0;39m[31m2024-04-18 00:25:25,695[0;39m [32m[INFO][0;39m org.apache.catalina.core.StandardEngine restartedMain [32mStarting Servlet engine: [Apache Tomcat/9.0.73]
[0;39m[31m2024-04-18 00:25:25,791[0;39m [32m[INFO][0;39m org.apache.catalina.core.ContainerBase.[Tomcat].[localhost].[/] restartedMain [32mInitializing Spring embedded WebApplicationContext
[0;39m[31m2024-04-18 00:25:25,791[0;39m [32m[INFO][0;39m org.springframework.boot.web.servlet.context.ServletWebServerApplicationContext restartedMain [32mRoot WebApplicationContext: initialization completed in 1642 ms
[0;39m[31m2024-04-18 00:25:26,573[0;39m [32m[INFO][0;39m org.springframework.security.web.DefaultSecurityFilterChain restartedMain [32mWill secure any request with [org.springframework.security.web.session.DisableEncodeUrlFilter@91ffa7f, org.springframework.security.web.context.request.async.WebAsyncManagerIntegrationFilter@59bb5996, org.springframework.security.web.context.SecurityContextPersistenceFilter@bc79505, org.springframework.security.web.header.HeaderWriterFilter@53092cbb, org.springframework.web.filter.CorsFilter@2e3cc36f, org.springframework.security.web.authentication.logout.LogoutFilter@4d56dc4b, org.springframework.security.web.authentication.UsernamePasswordAuthenticationFilter@696685da, org.springframework.security.web.authentication.ui.DefaultLoginPageGeneratingFilter@105d1d29, org.springframework.security.web.authentication.ui.DefaultLogoutPageGeneratingFilter@5e06d32a, org.springframework.security.web.authentication.www.BasicAuthenticationFilter@4af47ee, org.springframework.security.web.savedrequest.RequestCacheAwareFilter@20b0125c, org.springframework.security.web.servletapi.SecurityContextHolderAwareRequestFilter@ebbf65d, org.springframework.security.web.authentication.AnonymousAuthenticationFilter@28bc1697, org.springframework.security.web.session.SessionManagementFilter@2348cb48, org.springframework.security.web.access.ExceptionTranslationFilter@58328c4b, org.springframework.security.web.access.intercept.FilterSecurityInterceptor@5dafafed]
[0;39m[31m2024-04-18 00:25:26,849[0;39m [32m[INFO][0;39m com.zaxxer.hikari.HikariDataSource restartedMain [32mHikariPool-1 - Starting...
[0;39m[31m2024-04-18 00:25:26,851[0;39m [32m[WARN][0;39m com.zaxxer.hikari.util.DriverDataSource restartedMain [32mRegistered driver with driverClassName=oracle.jdbc.driver.OracleDriver was not found, trying direct instantiation.
[0;39m[31m2024-04-18 00:25:26,966[0;39m [32m[INFO][0;39m com.zaxxer.hikari.pool.PoolBase restartedMain [32mHikariPool-1 - Driver does not support get/set network timeout for connections. (oracle.jdbc.driver.T4CConnection.getNetworkTimeout()I)
[0;39m[31m2024-04-18 00:25:26,969[0;39m [32m[INFO][0;39m com.zaxxer.hikari.HikariDataSource restartedMain [32mHikariPool-1 - Start completed.
[0;39m[31m2024-04-18 00:25:27,162[0;39m [32m[INFO][0;39m org.springframework.boot.devtools.autoconfigure.OptionalLiveReloadServer restartedMain [32mLiveReload server is running on port 35729
[0;39m[31m2024-04-18 00:25:27,218[0;39m [32m[INFO][0;39m org.springframework.boot.web.embedded.tomcat.TomcatWebServer restartedMain [32mTomcat started on port(s): 8082 (http) with context path ''
[0;39m[31m2024-04-18 00:25:27,232[0;39m [32m[INFO][0;39m elements.spring.explore.SampleBackendAjaxApplication restartedMain [32mStarted SampleBackendAjaxApplication in 3.608 seconds (JVM running for 4.563)
[0;39m[31m2024-04-18 00:25:36,849[0;39m [32m[INFO][0;39m org.apache.catalina.core.ContainerBase.[Tomcat].[localhost].[/] http-nio-8082-exec-2 [32mInitializing Spring MessageDispatcherServlet 'messageDispatcherServlet'
[0;39m[31m2024-04-18 00:25:36,850[0;39m [32m[INFO][0;39m org.springframework.ws.transport.http.MessageDispatcherServlet http-nio-8082-exec-2 [32mInitializing Servlet 'messageDispatcherServlet'
[0;39m[31m2024-04-18 00:25:36,853[0;39m [32m[INFO][0;39m org.springframework.ws.soap.saaj.SaajSoapMessageFactory http-nio-8082-exec-2 [32mCreating SAAJ 1.3 MessageFactory with SOAP 1.1 Protocol
[0;39m[31m2024-04-18 00:25:36,869[0;39m [32m[INFO][0;39m org.springframework.ws.transport.http.MessageDispatcherServlet http-nio-8082-exec-2 [32mCompleted initialization in 19 ms
[0;39m[31m2024-04-18 00:27:51,917[0;39m [32m[INFO][0;39m org.springframework.boot.devtools.autoconfigure.LocalDevToolsAutoConfiguration$RestartingClassPathChangeChangedEventListener File Watcher [32mRestarting due to 1 class path change (0 additions, 1 deletion, 0 modifications)
[0;39m[31m2024-04-18 00:27:52,075[0;39m [32m[INFO][0;39m org.apache.catalina.core.StandardService Thread-14 [32mStopping service [Tomcat]
[0;39m[31m2024-04-18 00:27:52,077[0;39m [32m[INFO][0;39m org.apache.catalina.core.ContainerBase.[Tomcat].[localhost].[/] Thread-14 [32mDestroying Spring FrameworkServlet 'messageDispatcherServlet'
[0;39m[31m2024-04-18 00:27:52,088[0;39m [32m[INFO][0;39m com.zaxxer.hikari.HikariDataSource Thread-14 [32mHikariPool-1 - Shutdown initiated...
[0;39m[31m2024-04-18 00:27:52,097[0;39m [32m[INFO][0;39m com.zaxxer.hikari.HikariDataSource Thread-14 [32mHikariPool-1 - Shutdown completed.
[0;39m[31m2024-04-18 00:27:52,307[0;39m [32m[INFO][0;39m elements.spring.explore.SampleBackendAjaxApplication restartedMain [32mStarting SampleBackendAjaxApplication using Java 1.8.0_202 on SRDB with PID 14712 (D:\Course backups\Java\DLithe2024Feb-Corporate-TietoEvry\sample-backend-ajax\target\classes started by SRDB in D:\Course backups\Java\DLithe2024Feb-Corporate-TietoEvry\sample-backend-ajax)
[0;39m[31m2024-04-18 00:27:52,308[0;39m [32m[INFO][0;39m elements.spring.explore.SampleBackendAjaxApplication restartedMain [32mNo active profile set, falling back to 1 default profile: "default"
[0;39m[31m2024-04-18 00:27:52,664[0;39m [32m[INFO][0;39m org.springframework.data.repository.config.RepositoryConfigurationDelegate restartedMain [32mBootstrapping Spring Data JDBC repositories in DEFAULT mode.
[0;39m[31m2024-04-18 00:27:52,667[0;39m [32m[INFO][0;39m org.springframework.data.repository.config.RepositoryConfigurationDelegate restartedMain [32mFinished Spring Data repository scanning in 2 ms. Found 0 JDBC repository interfaces.
[0;39m[31m2024-04-18 00:27:52,709[0;39m [32m[INFO][0;39m org.springframework.context.support.PostProcessorRegistrationDelegate$BeanPostProcessorChecker restartedMain [32mBean 'soapServiceConfiguration' of type [elements.spring.explore.SoapServiceConfiguration$$EnhancerBySpringCGLIB$$2d1d7506] is not eligible for getting processed by all BeanPostProcessors (for example: not eligible for auto-proxying)
[0;39m[31m2024-04-18 00:27:52,709[0;39m [32m[INFO][0;39m org.springframework.context.support.PostProcessorRegistrationDelegate$BeanPostProcessorChecker restartedMain [32mBean 'org.springframework.ws.config.annotation.DelegatingWsConfiguration' of type [org.springframework.ws.config.annotation.DelegatingWsConfiguration$$EnhancerBySpringCGLIB$$4dba502f] is not eligible for getting processed by all BeanPostProcessors (for example: not eligible for auto-proxying)
[0;39m[31m2024-04-18 00:27:52,712[0;39m [32m[INFO][0;39m org.springframework.ws.soap.addressing.server.AnnotationActionEndpointMapping restartedMain [32mSupporting [WS-Addressing August 2004, WS-Addressing 1.0]
[0;39m[31m2024-04-18 00:27:52,776[0;39m [32m[INFO][0;39m org.springframework.boot.web.embedded.tomcat.TomcatWebServer restartedMain [32mTomcat initialized with port(s): 8082 (http)
[0;39m[31m2024-04-18 00:27:52,777[0;39m [32m[INFO][0;39m org.apache.catalina.core.StandardService restartedMain [32mStarting service [Tomcat]
[0;39m[31m2024-04-18 00:27:52,777[0;39m [32m[INFO][0;39m org.apache.catalina.core.StandardEngine restartedMain [32mStarting Servlet engine: [Apache Tomcat/9.0.73]
[0;39m[31m2024-04-18 00:27:52,805[0;39m [32m[INFO][0;39m org.apache.catalina.core.ContainerBase.[Tomcat].[localhost].[/] restartedMain [32mInitializing Spring embedded WebApplicationContext
[0;39m[31m2024-04-18 00:27:52,805[0;39m [32m[INFO][0;39m org.springframework.boot.web.servlet.context.ServletWebServerApplicationContext restartedMain [32mRoot WebApplicationContext: initialization completed in 494 ms
[0;39m[31m2024-04-18 00:27:52,866[0;39m [32m[WARN][0;39m org.springframework.boot.web.servlet.context.AnnotationConfigServletWebServerApplicationContext restartedMain [32mException encountered during context initialization - cancelling refresh attempt: org.springframework.beans.factory.UnsatisfiedDependencyException: Error creating bean with name 'myBankOfficialsAPI': Unsatisfied dependency expressed through field 'passwordEncoder'; nested exception is org.springframework.beans.factory.NoSuchBeanDefinitionException: No qualifying bean of type 'org.springframework.security.crypto.password.PasswordEncoder' available: expected at least 1 bean which qualifies as autowire candidate. Dependency annotations: {@org.springframework.beans.factory.annotation.Autowired(required=true)}
[0;39m[31m2024-04-18 00:27:52,866[0;39m [32m[INFO][0;39m org.apache.catalina.core.StandardService restartedMain [32mStopping service [Tomcat]
[0;39m[31m2024-04-18 00:27:52,882[0;39m [32m[INFO][0;39m org.springframework.boot.autoconfigure.logging.ConditionEvaluationReportLoggingListener restartedMain [32m

Error starting ApplicationContext. To display the conditions report re-run your application with 'debug' enabled.
[0;39m[31m2024-04-18 00:27:52,933[0;39m [32m[ERROR][0;39m org.springframework.boot.diagnostics.LoggingFailureAnalysisReporter restartedMain [32m

***************************
APPLICATION FAILED TO START
***************************

Description:

Field passwordEncoder in elements.spring.explore.MyBankOfficialsAPI required a bean of type 'org.springframework.security.crypto.password.PasswordEncoder' that could not be found.

The injection point has the following annotations:
	- @org.springframework.beans.factory.annotation.Autowired(required=true)


Action:

Consider defining a bean of type 'org.springframework.security.crypto.password.PasswordEncoder' in your configuration.

[0;39m[31m2024-04-18 00:29:13,885[0;39m [32m[INFO][0;39m elements.spring.explore.SampleBackendAjaxApplication restartedMain [32mStarting SampleBackendAjaxApplication using Java 1.8.0_202 on SRDB with PID 14712 (D:\Course backups\Java\DLithe2024Feb-Corporate-TietoEvry\sample-backend-ajax\target\classes started by SRDB in D:\Course backups\Java\DLithe2024Feb-Corporate-TietoEvry\sample-backend-ajax)
[0;39m[31m2024-04-18 00:29:13,885[0;39m [32m[INFO][0;39m elements.spring.explore.SampleBackendAjaxApplication restartedMain [32mNo active profile set, falling back to 1 default profile: "default"
[0;39m[31m2024-04-18 00:29:14,332[0;39m [32m[INFO][0;39m org.springframework.data.repository.config.RepositoryConfigurationDelegate restartedMain [32mBootstrapping Spring Data JDBC repositories in DEFAULT mode.
[0;39m[31m2024-04-18 00:29:14,338[0;39m [32m[INFO][0;39m org.springframework.data.repository.config.RepositoryConfigurationDelegate restartedMain [32mFinished Spring Data repository scanning in 5 ms. Found 0 JDBC repository interfaces.
[0;39m[31m2024-04-18 00:29:14,405[0;39m [32m[INFO][0;39m org.springframework.context.support.PostProcessorRegistrationDelegate$BeanPostProcessorChecker restartedMain [32mBean 'soapServiceConfiguration' of type [elements.spring.explore.SoapServiceConfiguration$$EnhancerBySpringCGLIB$$2d1d7506] is not eligible for getting processed by all BeanPostProcessors (for example: not eligible for auto-proxying)
[0;39m[31m2024-04-18 00:29:14,406[0;39m [32m[INFO][0;39m org.springframework.context.support.PostProcessorRegistrationDelegate$BeanPostProcessorChecker restartedMain [32mBean 'org.springframework.ws.config.annotation.DelegatingWsConfiguration' of type [org.springframework.ws.config.annotation.DelegatingWsConfiguration$$EnhancerBySpringCGLIB$$4dba502f] is not eligible for getting processed by all BeanPostProcessors (for example: not eligible for auto-proxying)
[0;39m[31m2024-04-18 00:29:14,408[0;39m [32m[INFO][0;39m org.springframework.ws.soap.addressing.server.AnnotationActionEndpointMapping restartedMain [32mSupporting [WS-Addressing August 2004, WS-Addressing 1.0]
[0;39m[31m2024-04-18 00:29:14,513[0;39m [32m[INFO][0;39m org.springframework.boot.web.embedded.tomcat.TomcatWebServer restartedMain [32mTomcat initialized with port(s): 8082 (http)
[0;39m[31m2024-04-18 00:29:14,514[0;39m [32m[INFO][0;39m org.apache.catalina.core.StandardService restartedMain [32mStarting service [Tomcat]
[0;39m[31m2024-04-18 00:29:14,515[0;39m [32m[INFO][0;39m org.apache.catalina.core.StandardEngine restartedMain [32mStarting Servlet engine: [Apache Tomcat/9.0.73]
[0;39m[31m2024-04-18 00:29:14,535[0;39m [32m[INFO][0;39m org.apache.catalina.core.ContainerBase.[Tomcat-1].[localhost].[/] restartedMain [32mInitializing Spring embedded WebApplicationContext
[0;39m[31m2024-04-18 00:29:14,535[0;39m [32m[INFO][0;39m org.springframework.boot.web.servlet.context.ServletWebServerApplicationContext restartedMain [32mRoot WebApplicationContext: initialization completed in 643 ms
[0;39m[31m2024-04-18 00:29:15,017[0;39m [32m[INFO][0;39m org.springframework.security.web.DefaultSecurityFilterChain restartedMain [32mWill secure any request with [org.springframework.security.web.session.DisableEncodeUrlFilter@c1c6312, org.springframework.security.web.context.request.async.WebAsyncManagerIntegrationFilter@37327398, org.springframework.security.web.context.SecurityContextPersistenceFilter@4f639ed6, org.springframework.security.web.header.HeaderWriterFilter@72439d26, org.springframework.web.filter.CorsFilter@471fb639, org.springframework.security.web.authentication.logout.LogoutFilter@5611a8e7, org.springframework.security.web.authentication.UsernamePasswordAuthenticationFilter@755255c1, org.springframework.security.web.authentication.ui.DefaultLoginPageGeneratingFilter@35176cd5, org.springframework.security.web.authentication.ui.DefaultLogoutPageGeneratingFilter@2f1c651a, org.springframework.security.web.authentication.www.BasicAuthenticationFilter@68610c0, org.springframework.security.web.savedrequest.RequestCacheAwareFilter@5d1dadb7, org.springframework.security.web.servletapi.SecurityContextHolderAwareRequestFilter@3359b19f, org.springframework.security.web.authentication.AnonymousAuthenticationFilter@40778718, org.springframework.security.web.session.SessionManagementFilter@2e5503b2, org.springframework.security.web.access.ExceptionTranslationFilter@429a1ecb, org.springframework.security.web.access.intercept.FilterSecurityInterceptor@d6cb0f0]
[0;39m[31m2024-04-18 00:29:15,180[0;39m [32m[INFO][0;39m com.zaxxer.hikari.HikariDataSource restartedMain [32mHikariPool-2 - Starting...
[0;39m[31m2024-04-18 00:29:15,180[0;39m [32m[WARN][0;39m com.zaxxer.hikari.util.DriverDataSource restartedMain [32mRegistered driver with driverClassName=oracle.jdbc.driver.OracleDriver was not found, trying direct instantiation.
[0;39m[31m2024-04-18 00:29:15,196[0;39m [32m[INFO][0;39m com.zaxxer.hikari.pool.PoolBase restartedMain [32mHikariPool-2 - Driver does not support get/set network timeout for connections. (oracle.jdbc.driver.T4CConnection.getNetworkTimeout()I)
[0;39m[31m2024-04-18 00:29:15,196[0;39m [32m[INFO][0;39m com.zaxxer.hikari.HikariDataSource restartedMain [32mHikariPool-2 - Start completed.
[0;39m[31m2024-04-18 00:29:15,258[0;39m [32m[INFO][0;39m org.springframework.boot.devtools.autoconfigure.OptionalLiveReloadServer restartedMain [32mLiveReload server is running on port 35729
[0;39m[31m2024-04-18 00:29:15,306[0;39m [32m[INFO][0;39m org.springframework.boot.web.embedded.tomcat.TomcatWebServer restartedMain [32mTomcat started on port(s): 8082 (http) with context path ''
[0;39m[31m2024-04-18 00:29:15,337[0;39m [32m[INFO][0;39m elements.spring.explore.SampleBackendAjaxApplication restartedMain [32mStarted SampleBackendAjaxApplication in 1.549 seconds (JVM running for 232.671)
[0;39m[31m2024-04-18 00:29:15,337[0;39m [32m[INFO][0;39m org.springframework.boot.devtools.autoconfigure.ConditionEvaluationDeltaLoggingListener restartedMain [32mCondition evaluation unchanged
[0;39m[31m2024-04-18 00:29:27,746[0;39m [32m[INFO][0;39m com.zaxxer.hikari.HikariDataSource SpringApplicationShutdownHook [32mHikariPool-2 - Shutdown initiated...
[0;39m[31m2024-04-18 00:29:27,754[0;39m [32m[INFO][0;39m com.zaxxer.hikari.HikariDataSource SpringApplicationShutdownHook [32mHikariPool-2 - Shutdown completed.
[0;39m[31m2024-04-18 00:29:33,984[0;39m [32m[INFO][0;39m elements.spring.explore.SampleBackendAjaxApplication restartedMain [32mStarting SampleBackendAjaxApplication using Java 1.8.0_202 on SRDB with PID 14332 (D:\Course backups\Java\DLithe2024Feb-Corporate-TietoEvry\sample-backend-ajax\target\classes started by SRDB in D:\Course backups\Java\DLithe2024Feb-Corporate-TietoEvry\sample-backend-ajax)
[0;39m[31m2024-04-18 00:29:33,986[0;39m [32m[INFO][0;39m elements.spring.explore.SampleBackendAjaxApplication restartedMain [32mNo active profile set, falling back to 1 default profile: "default"
[0;39m[31m2024-04-18 00:29:34,056[0;39m [32m[INFO][0;39m org.springframework.boot.devtools.restart.ChangeableUrls restartedMain [32mThe Class-Path manifest attribute in C:\Users\ADMIN\.m2\repository\com\oracle\database\security\oraclepki\21.5.0.0\oraclepki-21.5.0.0.jar referenced one or more files that do not exist: file:/C:/Users/ADMIN/.m2/repository/com/oracle/database/security/oraclepki/21.5.0.0/osdt_core.jar,file:/C:/Users/ADMIN/.m2/repository/com/oracle/database/security/oraclepki/21.5.0.0/osdt_cert.jar,file:/C:/Users/ADMIN/.m2/repository/com/oracle/database/security/oraclepki/oracle.osdt/osdt_core.jar,file:/C:/Users/ADMIN/.m2/repository/com/oracle/database/security/oraclepki/oracle.osdt/osdt_cert.jar
[0;39m[31m2024-04-18 00:29:34,057[0;39m [32m[INFO][0;39m org.springframework.boot.devtools.env.DevToolsPropertyDefaultsPostProcessor restartedMain [32mDevtools property defaults active! Set 'spring.devtools.add-properties' to 'false' to disable
[0;39m[31m2024-04-18 00:29:34,057[0;39m [32m[INFO][0;39m org.springframework.boot.devtools.env.DevToolsPropertyDefaultsPostProcessor restartedMain [32mFor additional web related logging consider setting the 'logging.level.web' property to 'DEBUG'
[0;39m[31m2024-04-18 00:29:34,926[0;39m [32m[INFO][0;39m org.springframework.data.repository.config.RepositoryConfigurationDelegate restartedMain [32mBootstrapping Spring Data JDBC repositories in DEFAULT mode.
[0;39m[31m2024-04-18 00:29:34,939[0;39m [32m[INFO][0;39m org.springframework.data.repository.config.RepositoryConfigurationDelegate restartedMain [32mFinished Spring Data repository scanning in 7 ms. Found 0 JDBC repository interfaces.
[0;39m[31m2024-04-18 00:29:35,137[0;39m [32m[INFO][0;39m org.springframework.context.support.PostProcessorRegistrationDelegate$BeanPostProcessorChecker restartedMain [32mBean 'soapServiceConfiguration' of type [elements.spring.explore.SoapServiceConfiguration$$EnhancerBySpringCGLIB$$b68995c3] is not eligible for getting processed by all BeanPostProcessors (for example: not eligible for auto-proxying)
[0;39m[31m2024-04-18 00:29:35,139[0;39m [32m[INFO][0;39m org.springframework.context.support.PostProcessorRegistrationDelegate$BeanPostProcessorChecker restartedMain [32mBean 'org.springframework.ws.config.annotation.DelegatingWsConfiguration' of type [org.springframework.ws.config.annotation.DelegatingWsConfiguration$$EnhancerBySpringCGLIB$$d72670ec] is not eligible for getting processed by all BeanPostProcessors (for example: not eligible for auto-proxying)
[0;39m[31m2024-04-18 00:29:35,226[0;39m [32m[INFO][0;39m org.springframework.ws.soap.addressing.server.AnnotationActionEndpointMapping restartedMain [32mSupporting [WS-Addressing August 2004, WS-Addressing 1.0]
[0;39m[31m2024-04-18 00:29:35,665[0;39m [32m[INFO][0;39m org.springframework.boot.web.embedded.tomcat.TomcatWebServer restartedMain [32mTomcat initialized with port(s): 8082 (http)
[0;39m[31m2024-04-18 00:29:35,673[0;39m [32m[INFO][0;39m org.apache.catalina.core.StandardService restartedMain [32mStarting service [Tomcat]
[0;39m[31m2024-04-18 00:29:35,674[0;39m [32m[INFO][0;39m org.apache.catalina.core.StandardEngine restartedMain [32mStarting Servlet engine: [Apache Tomcat/9.0.73]
[0;39m[31m2024-04-18 00:29:35,767[0;39m [32m[INFO][0;39m org.apache.catalina.core.ContainerBase.[Tomcat].[localhost].[/] restartedMain [32mInitializing Spring embedded WebApplicationContext
[0;39m[31m2024-04-18 00:29:35,767[0;39m [32m[INFO][0;39m org.springframework.boot.web.servlet.context.ServletWebServerApplicationContext restartedMain [32mRoot WebApplicationContext: initialization completed in 1709 ms
[0;39m[31m2024-04-18 00:29:36,059[0;39m [32m[INFO][0;39m org.springframework.security.web.DefaultSecurityFilterChain restartedMain [32mWill secure any request with [org.springframework.security.web.session.DisableEncodeUrlFilter@4b6c5a26, org.springframework.security.web.context.request.async.WebAsyncManagerIntegrationFilter@5ae2936a, org.springframework.security.web.context.SecurityContextPersistenceFilter@524590c2, org.springframework.security.web.header.HeaderWriterFilter@693a68d6, org.springframework.security.web.authentication.logout.LogoutFilter@d9b8d71, org.springframework.security.web.authentication.UsernamePasswordAuthenticationFilter@4abdc18a, org.springframework.security.web.authentication.ui.DefaultLoginPageGeneratingFilter@5a72d41e, org.springframework.security.web.authentication.ui.DefaultLogoutPageGeneratingFilter@5d0658bd, org.springframework.security.web.authentication.www.BasicAuthenticationFilter@45b6af78, org.springframework.security.web.savedrequest.RequestCacheAwareFilter@4059d394, org.springframework.security.web.servletapi.SecurityContextHolderAwareRequestFilter@4fd88ae4, org.springframework.security.web.authentication.AnonymousAuthenticationFilter@531f4890, org.springframework.security.web.session.SessionManagementFilter@772c5223, org.springframework.security.web.access.ExceptionTranslationFilter@487d77cd, org.springframework.security.web.access.intercept.FilterSecurityInterceptor@7f6e1019]
[0;39m[31m2024-04-18 00:29:36,910[0;39m [32m[INFO][0;39m com.zaxxer.hikari.HikariDataSource restartedMain [32mHikariPool-1 - Starting...
[0;39m[31m2024-04-18 00:29:36,913[0;39m [32m[WARN][0;39m com.zaxxer.hikari.util.DriverDataSource restartedMain [32mRegistered driver with driverClassName=oracle.jdbc.driver.OracleDriver was not found, trying direct instantiation.
[0;39m[31m2024-04-18 00:29:37,041[0;39m [32m[INFO][0;39m com.zaxxer.hikari.pool.PoolBase restartedMain [32mHikariPool-1 - Driver does not support get/set network timeout for connections. (oracle.jdbc.driver.T4CConnection.getNetworkTimeout()I)
[0;39m[31m2024-04-18 00:29:37,046[0;39m [32m[INFO][0;39m com.zaxxer.hikari.HikariDataSource restartedMain [32mHikariPool-1 - Start completed.
[0;39m[31m2024-04-18 00:29:37,311[0;39m [32m[INFO][0;39m org.springframework.boot.devtools.autoconfigure.OptionalLiveReloadServer restartedMain [32mLiveReload server is running on port 35729
[0;39m[31m2024-04-18 00:29:37,360[0;39m [32m[INFO][0;39m org.springframework.boot.web.embedded.tomcat.TomcatWebServer restartedMain [32mTomcat started on port(s): 8082 (http) with context path ''
[0;39m[31m2024-04-18 00:29:37,371[0;39m [32m[INFO][0;39m elements.spring.explore.SampleBackendAjaxApplication restartedMain [32mStarted SampleBackendAjaxApplication in 3.907 seconds (JVM running for 5.077)
[0;39m[31m2024-04-18 00:29:48,929[0;39m [32m[INFO][0;39m org.apache.catalina.core.ContainerBase.[Tomcat].[localhost].[/] http-nio-8082-exec-1 [32mInitializing Spring MessageDispatcherServlet 'messageDispatcherServlet'
[0;39m[31m2024-04-18 00:29:48,930[0;39m [32m[INFO][0;39m org.springframework.ws.transport.http.MessageDispatcherServlet http-nio-8082-exec-1 [32mInitializing Servlet 'messageDispatcherServlet'
[0;39m[31m2024-04-18 00:29:48,933[0;39m [32m[INFO][0;39m org.springframework.ws.soap.saaj.SaajSoapMessageFactory http-nio-8082-exec-1 [32mCreating SAAJ 1.3 MessageFactory with SOAP 1.1 Protocol
[0;39m[31m2024-04-18 00:29:48,948[0;39m [32m[INFO][0;39m org.springframework.ws.transport.http.MessageDispatcherServlet http-nio-8082-exec-1 [32mCompleted initialization in 18 ms
[0;39m[31m2024-04-18 00:29:48,980[0;39m [32m[INFO][0;39m org.apache.catalina.core.ContainerBase.[Tomcat].[localhost].[/] http-nio-8082-exec-1 [32mInitializing Spring DispatcherServlet 'dispatcherServlet'
[0;39m[31m2024-04-18 00:29:48,980[0;39m [32m[INFO][0;39m org.springframework.web.servlet.DispatcherServlet http-nio-8082-exec-1 [32mInitializing Servlet 'dispatcherServlet'
[0;39m[31m2024-04-18 00:29:48,981[0;39m [32m[INFO][0;39m org.springframework.web.servlet.DispatcherServlet http-nio-8082-exec-1 [32mCompleted initialization in 1 ms
[0;39m[31m2024-04-18 00:30:46,914[0;39m [32m[INFO][0;39m org.springframework.boot.devtools.autoconfigure.LocalDevToolsAutoConfiguration$RestartingClassPathChangeChangedEventListener File Watcher [32mRestarting due to 1 class path change (0 additions, 1 deletion, 0 modifications)
[0;39m[31m2024-04-18 00:30:47,106[0;39m [32m[INFO][0;39m org.apache.catalina.core.StandardService Thread-15 [32mStopping service [Tomcat]
[0;39m[31m2024-04-18 00:30:47,109[0;39m [32m[INFO][0;39m org.apache.catalina.core.ContainerBase.[Tomcat].[localhost].[/] Thread-15 [32mDestroying Spring FrameworkServlet 'dispatcherServlet'
[0;39m[31m2024-04-18 00:30:47,110[0;39m [32m[INFO][0;39m org.apache.catalina.core.ContainerBase.[Tomcat].[localhost].[/] Thread-15 [32mDestroying Spring FrameworkServlet 'messageDispatcherServlet'
[0;39m[31m2024-04-18 00:30:47,137[0;39m [32m[INFO][0;39m com.zaxxer.hikari.HikariDataSource Thread-15 [32mHikariPool-1 - Shutdown initiated...
[0;39m[31m2024-04-18 00:30:47,162[0;39m [32m[INFO][0;39m com.zaxxer.hikari.HikariDataSource Thread-15 [32mHikariPool-1 - Shutdown completed.
[0;39m[31m2024-04-18 00:30:47,385[0;39m [32m[INFO][0;39m elements.spring.explore.SampleBackendAjaxApplication restartedMain [32mStarting SampleBackendAjaxApplication using Java 1.8.0_202 on SRDB with PID 14332 (D:\Course backups\Java\DLithe2024Feb-Corporate-TietoEvry\sample-backend-ajax\target\classes started by SRDB in D:\Course backups\Java\DLithe2024Feb-Corporate-TietoEvry\sample-backend-ajax)
[0;39m[31m2024-04-18 00:30:47,385[0;39m [32m[INFO][0;39m elements.spring.explore.SampleBackendAjaxApplication restartedMain [32mNo active profile set, falling back to 1 default profile: "default"
[0;39m[31m2024-04-18 00:30:47,578[0;39m [32m[INFO][0;39m org.springframework.data.repository.config.RepositoryConfigurationDelegate restartedMain [32mBootstrapping Spring Data JDBC repositories in DEFAULT mode.
[0;39m[31m2024-04-18 00:30:47,582[0;39m [32m[INFO][0;39m org.springframework.data.repository.config.RepositoryConfigurationDelegate restartedMain [32mFinished Spring Data repository scanning in 3 ms. Found 0 JDBC repository interfaces.
[0;39m[31m2024-04-18 00:30:47,652[0;39m [32m[INFO][0;39m org.springframework.context.support.PostProcessorRegistrationDelegate$BeanPostProcessorChecker restartedMain [32mBean 'soapServiceConfiguration' of type [elements.spring.explore.SoapServiceConfiguration$$EnhancerBySpringCGLIB$$b68995c3] is not eligible for getting processed by all BeanPostProcessors (for example: not eligible for auto-proxying)
[0;39m[31m2024-04-18 00:30:47,653[0;39m [32m[INFO][0;39m org.springframework.context.support.PostProcessorRegistrationDelegate$BeanPostProcessorChecker restartedMain [32mBean 'org.springframework.ws.config.annotation.DelegatingWsConfiguration' of type [org.springframework.ws.config.annotation.DelegatingWsConfiguration$$EnhancerBySpringCGLIB$$d72670ec] is not eligible for getting processed by all BeanPostProcessors (for example: not eligible for auto-proxying)
[0;39m[31m2024-04-18 00:30:47,656[0;39m [32m[INFO][0;39m org.springframework.ws.soap.addressing.server.AnnotationActionEndpointMapping restartedMain [32mSupporting [WS-Addressing August 2004, WS-Addressing 1.0]
[0;39m[31m2024-04-18 00:30:48,159[0;39m [32m[INFO][0;39m org.springframework.boot.web.embedded.tomcat.TomcatWebServer restartedMain [32mTomcat initialized with port(s): 8082 (http)
[0;39m[31m2024-04-18 00:30:48,160[0;39m [32m[INFO][0;39m org.apache.catalina.core.StandardService restartedMain [32mStarting service [Tomcat]
[0;39m[31m2024-04-18 00:30:48,160[0;39m [32m[INFO][0;39m org.apache.catalina.core.StandardEngine restartedMain [32mStarting Servlet engine: [Apache Tomcat/9.0.73]
[0;39m[31m2024-04-18 00:30:48,445[0;39m [32m[INFO][0;39m org.apache.catalina.core.ContainerBase.[Tomcat].[localhost].[/] restartedMain [32mInitializing Spring embedded WebApplicationContext
[0;39m[31m2024-04-18 00:30:48,445[0;39m [32m[INFO][0;39m org.springframework.boot.web.servlet.context.ServletWebServerApplicationContext restartedMain [32mRoot WebApplicationContext: initialization completed in 1057 ms
[0;39m[31m2024-04-18 00:30:48,517[0;39m [32m[WARN][0;39m org.springframework.boot.web.servlet.context.AnnotationConfigServletWebServerApplicationContext restartedMain [32mException encountered during context initialization - cancelling refresh attempt: org.springframework.beans.factory.UnsatisfiedDependencyException: Error creating bean with name 'myBankOfficialsAPI': Unsatisfied dependency expressed through field 'passwordEncoder'; nested exception is org.springframework.beans.factory.NoSuchBeanDefinitionException: No qualifying bean of type 'org.springframework.security.crypto.password.PasswordEncoder' available: expected at least 1 bean which qualifies as autowire candidate. Dependency annotations: {@org.springframework.beans.factory.annotation.Autowired(required=true)}
[0;39m[31m2024-04-18 00:30:48,517[0;39m [32m[INFO][0;39m org.apache.catalina.core.StandardService restartedMain [32mStopping service [Tomcat]
[0;39m[31m2024-04-18 00:30:48,647[0;39m [32m[INFO][0;39m org.springframework.boot.autoconfigure.logging.ConditionEvaluationReportLoggingListener restartedMain [32m

Error starting ApplicationContext. To display the conditions report re-run your application with 'debug' enabled.
[0;39m[31m2024-04-18 00:30:50,237[0;39m [32m[ERROR][0;39m org.springframework.boot.diagnostics.LoggingFailureAnalysisReporter restartedMain [32m

***************************
APPLICATION FAILED TO START
***************************

Description:

Field passwordEncoder in elements.spring.explore.MyBankOfficialsAPI required a bean of type 'org.springframework.security.crypto.password.PasswordEncoder' that could not be found.

The injection point has the following annotations:
	- @org.springframework.beans.factory.annotation.Autowired(required=true)


Action:

Consider defining a bean of type 'org.springframework.security.crypto.password.PasswordEncoder' in your configuration.

[0;39m[31m2024-04-18 00:31:05,852[0;39m [32m[INFO][0;39m elements.spring.explore.SampleBackendAjaxApplication restartedMain [32mStarting SampleBackendAjaxApplication using Java 1.8.0_202 on SRDB with PID 14332 (D:\Course backups\Java\DLithe2024Feb-Corporate-TietoEvry\sample-backend-ajax\target\classes started by SRDB in D:\Course backups\Java\DLithe2024Feb-Corporate-TietoEvry\sample-backend-ajax)
[0;39m[31m2024-04-18 00:31:05,852[0;39m [32m[INFO][0;39m elements.spring.explore.SampleBackendAjaxApplication restartedMain [32mNo active profile set, falling back to 1 default profile: "default"
[0;39m[31m2024-04-18 00:31:06,085[0;39m [32m[INFO][0;39m org.springframework.data.repository.config.RepositoryConfigurationDelegate restartedMain [32mBootstrapping Spring Data JDBC repositories in DEFAULT mode.
[0;39m[31m2024-04-18 00:31:06,090[0;39m [32m[INFO][0;39m org.springframework.data.repository.config.RepositoryConfigurationDelegate restartedMain [32mFinished Spring Data repository scanning in 4 ms. Found 0 JDBC repository interfaces.
[0;39m[31m2024-04-18 00:31:06,152[0;39m [32m[INFO][0;39m org.springframework.context.support.PostProcessorRegistrationDelegate$BeanPostProcessorChecker restartedMain [32mBean 'soapServiceConfiguration' of type [elements.spring.explore.SoapServiceConfiguration$$EnhancerBySpringCGLIB$$b68995c3] is not eligible for getting processed by all BeanPostProcessors (for example: not eligible for auto-proxying)
[0;39m[31m2024-04-18 00:31:06,152[0;39m [32m[INFO][0;39m org.springframework.context.support.PostProcessorRegistrationDelegate$BeanPostProcessorChecker restartedMain [32mBean 'org.springframework.ws.config.annotation.DelegatingWsConfiguration' of type [org.springframework.ws.config.annotation.DelegatingWsConfiguration$$EnhancerBySpringCGLIB$$d72670ec] is not eligible for getting processed by all BeanPostProcessors (for example: not eligible for auto-proxying)
[0;39m[31m2024-04-18 00:31:06,154[0;39m [32m[INFO][0;39m org.springframework.ws.soap.addressing.server.AnnotationActionEndpointMapping restartedMain [32mSupporting [WS-Addressing August 2004, WS-Addressing 1.0]
[0;39m[31m2024-04-18 00:31:06,226[0;39m [32m[INFO][0;39m org.springframework.boot.web.embedded.tomcat.TomcatWebServer restartedMain [32mTomcat initialized with port(s): 8082 (http)
[0;39m[31m2024-04-18 00:31:06,227[0;39m [32m[INFO][0;39m org.apache.catalina.core.StandardService restartedMain [32mStarting service [Tomcat]
[0;39m[31m2024-04-18 00:31:06,227[0;39m [32m[INFO][0;39m org.apache.catalina.core.StandardEngine restartedMain [32mStarting Servlet engine: [Apache Tomcat/9.0.73]
[0;39m[31m2024-04-18 00:31:06,242[0;39m [32m[INFO][0;39m org.apache.catalina.core.ContainerBase.[Tomcat-1].[localhost].[/] restartedMain [32mInitializing Spring embedded WebApplicationContext
[0;39m[31m2024-04-18 00:31:06,242[0;39m [32m[INFO][0;39m org.springframework.boot.web.servlet.context.ServletWebServerApplicationContext restartedMain [32mRoot WebApplicationContext: initialization completed in 388 ms
[0;39m[31m2024-04-18 00:31:06,341[0;39m [32m[INFO][0;39m org.springframework.security.web.DefaultSecurityFilterChain restartedMain [32mWill secure any request with [org.springframework.security.web.session.DisableEncodeUrlFilter@74e61b8d, org.springframework.security.web.context.request.async.WebAsyncManagerIntegrationFilter@60eb210f, org.springframework.security.web.context.SecurityContextPersistenceFilter@1b376666, org.springframework.security.web.header.HeaderWriterFilter@e4394a1, org.springframework.security.web.authentication.logout.LogoutFilter@35982909, org.springframework.security.web.authentication.UsernamePasswordAuthenticationFilter@5a8a10b9, org.springframework.security.web.authentication.ui.DefaultLoginPageGeneratingFilter@338968d3, org.springframework.security.web.authentication.ui.DefaultLogoutPageGeneratingFilter@3b14d741, org.springframework.security.web.authentication.www.BasicAuthenticationFilter@22bd3bcd, org.springframework.security.web.savedrequest.RequestCacheAwareFilter@4b454ea, org.springframework.security.web.servletapi.SecurityContextHolderAwareRequestFilter@16c03e41, org.springframework.security.web.authentication.AnonymousAuthenticationFilter@89aaf04, org.springframework.security.web.session.SessionManagementFilter@7cab28f2, org.springframework.security.web.access.ExceptionTranslationFilter@2fb60557, org.springframework.security.web.access.intercept.FilterSecurityInterceptor@44eefa75]
[0;39m[31m2024-04-18 00:31:06,593[0;39m [32m[INFO][0;39m com.zaxxer.hikari.HikariDataSource restartedMain [32mHikariPool-2 - Starting...
[0;39m[31m2024-04-18 00:31:06,593[0;39m [32m[WARN][0;39m com.zaxxer.hikari.util.DriverDataSource restartedMain [32mRegistered driver with driverClassName=oracle.jdbc.driver.OracleDriver was not found, trying direct instantiation.
[0;39m[31m2024-04-18 00:31:06,612[0;39m [32m[INFO][0;39m com.zaxxer.hikari.pool.PoolBase restartedMain [32mHikariPool-2 - Driver does not support get/set network timeout for connections. (oracle.jdbc.driver.T4CConnection.getNetworkTimeout()I)
[0;39m[31m2024-04-18 00:31:06,614[0;39m [32m[INFO][0;39m com.zaxxer.hikari.HikariDataSource restartedMain [32mHikariPool-2 - Start completed.
[0;39m[31m2024-04-18 00:31:06,640[0;39m [32m[INFO][0;39m org.springframework.boot.devtools.autoconfigure.OptionalLiveReloadServer restartedMain [32mLiveReload server is running on port 35729
[0;39m[31m2024-04-18 00:31:06,656[0;39m [32m[INFO][0;39m org.springframework.boot.web.embedded.tomcat.TomcatWebServer restartedMain [32mTomcat started on port(s): 8082 (http) with context path ''
[0;39m[31m2024-04-18 00:31:06,661[0;39m [32m[INFO][0;39m elements.spring.explore.SampleBackendAjaxApplication restartedMain [32mStarted SampleBackendAjaxApplication in 0.837 seconds (JVM running for 94.366)
[0;39m[31m2024-04-18 00:31:06,666[0;39m [32m[INFO][0;39m org.springframework.boot.devtools.autoconfigure.ConditionEvaluationDeltaLoggingListener restartedMain [32mCondition evaluation delta:


==========================
CONDITION EVALUATION DELTA
==========================


Positive matches:
-----------------

    None


Negative matches:
-----------------

   SpringBootWebSecurityConfiguration.WebSecurityEnablerConfiguration:
      Did not match:
         - @ConditionalOnMissingBean (names: springSecurityFilterChain; SearchStrategy: all) found beans named springSecurityFilterChain (OnBeanCondition)
      Matched:
         - @ConditionalOnClass found required class 'org.springframework.security.config.annotation.web.configuration.EnableWebSecurity' (OnClassCondition)


Exclusions:
-----------

    None


Unconditional classes:
----------------------

    None



[0;39m[31m2024-04-18 00:31:12,151[0;39m [32m[INFO][0;39m com.zaxxer.hikari.HikariDataSource SpringApplicationShutdownHook [32mHikariPool-2 - Shutdown initiated...
[0;39m[31m2024-04-18 00:31:12,158[0;39m [32m[INFO][0;39m com.zaxxer.hikari.HikariDataSource SpringApplicationShutdownHook [32mHikariPool-2 - Shutdown completed.
[0;39m[31m2024-04-18 00:31:15,162[0;39m [32m[INFO][0;39m elements.spring.explore.SampleBackendAjaxApplication restartedMain [32mStarting SampleBackendAjaxApplication using Java 1.8.0_202 on SRDB with PID 5916 (D:\Course backups\Java\DLithe2024Feb-Corporate-TietoEvry\sample-backend-ajax\target\classes started by SRDB in D:\Course backups\Java\DLithe2024Feb-Corporate-TietoEvry\sample-backend-ajax)
[0;39m[31m2024-04-18 00:31:15,163[0;39m [32m[INFO][0;39m elements.spring.explore.SampleBackendAjaxApplication restartedMain [32mNo active profile set, falling back to 1 default profile: "default"
[0;39m[31m2024-04-18 00:31:15,215[0;39m [32m[INFO][0;39m org.springframework.boot.devtools.restart.ChangeableUrls restartedMain [32mThe Class-Path manifest attribute in C:\Users\ADMIN\.m2\repository\com\oracle\database\security\oraclepki\21.5.0.0\oraclepki-21.5.0.0.jar referenced one or more files that do not exist: file:/C:/Users/ADMIN/.m2/repository/com/oracle/database/security/oraclepki/21.5.0.0/osdt_core.jar,file:/C:/Users/ADMIN/.m2/repository/com/oracle/database/security/oraclepki/21.5.0.0/osdt_cert.jar,file:/C:/Users/ADMIN/.m2/repository/com/oracle/database/security/oraclepki/oracle.osdt/osdt_core.jar,file:/C:/Users/ADMIN/.m2/repository/com/oracle/database/security/oraclepki/oracle.osdt/osdt_cert.jar
[0;39m[31m2024-04-18 00:31:15,215[0;39m [32m[INFO][0;39m org.springframework.boot.devtools.env.DevToolsPropertyDefaultsPostProcessor restartedMain [32mDevtools property defaults active! Set 'spring.devtools.add-properties' to 'false' to disable
[0;39m[31m2024-04-18 00:31:15,215[0;39m [32m[INFO][0;39m org.springframework.boot.devtools.env.DevToolsPropertyDefaultsPostProcessor restartedMain [32mFor additional web related logging consider setting the 'logging.level.web' property to 'DEBUG'
[0;39m[31m2024-04-18 00:31:15,993[0;39m [32m[INFO][0;39m org.springframework.data.repository.config.RepositoryConfigurationDelegate restartedMain [32mBootstrapping Spring Data JDBC repositories in DEFAULT mode.
[0;39m[31m2024-04-18 00:31:16,008[0;39m [32m[INFO][0;39m org.springframework.data.repository.config.RepositoryConfigurationDelegate restartedMain [32mFinished Spring Data repository scanning in 9 ms. Found 0 JDBC repository interfaces.
[0;39m[31m2024-04-18 00:31:16,285[0;39m [32m[INFO][0;39m org.springframework.context.support.PostProcessorRegistrationDelegate$BeanPostProcessorChecker restartedMain [32mBean 'soapServiceConfiguration' of type [elements.spring.explore.SoapServiceConfiguration$$EnhancerBySpringCGLIB$$de4230e0] is not eligible for getting processed by all BeanPostProcessors (for example: not eligible for auto-proxying)
[0;39m[31m2024-04-18 00:31:16,286[0;39m [32m[INFO][0;39m org.springframework.context.support.PostProcessorRegistrationDelegate$BeanPostProcessorChecker restartedMain [32mBean 'org.springframework.ws.config.annotation.DelegatingWsConfiguration' of type [org.springframework.ws.config.annotation.DelegatingWsConfiguration$$EnhancerBySpringCGLIB$$fedf0c09] is not eligible for getting processed by all BeanPostProcessors (for example: not eligible for auto-proxying)
[0;39m[31m2024-04-18 00:31:16,405[0;39m [32m[INFO][0;39m org.springframework.ws.soap.addressing.server.AnnotationActionEndpointMapping restartedMain [32mSupporting [WS-Addressing August 2004, WS-Addressing 1.0]
[0;39m[31m2024-04-18 00:31:16,881[0;39m [32m[INFO][0;39m org.springframework.boot.web.embedded.tomcat.TomcatWebServer restartedMain [32mTomcat initialized with port(s): 8082 (http)
[0;39m[31m2024-04-18 00:31:16,890[0;39m [32m[INFO][0;39m org.apache.catalina.core.StandardService restartedMain [32mStarting service [Tomcat]
[0;39m[31m2024-04-18 00:31:16,890[0;39m [32m[INFO][0;39m org.apache.catalina.core.StandardEngine restartedMain [32mStarting Servlet engine: [Apache Tomcat/9.0.73]
[0;39m[31m2024-04-18 00:31:16,977[0;39m [32m[INFO][0;39m org.apache.catalina.core.ContainerBase.[Tomcat].[localhost].[/] restartedMain [32mInitializing Spring embedded WebApplicationContext
[0;39m[31m2024-04-18 00:31:16,977[0;39m [32m[INFO][0;39m org.springframework.boot.web.servlet.context.ServletWebServerApplicationContext restartedMain [32mRoot WebApplicationContext: initialization completed in 1761 ms
[0;39m[31m2024-04-18 00:31:17,305[0;39m [32m[INFO][0;39m org.springframework.security.web.DefaultSecurityFilterChain restartedMain [32mWill secure any request with [org.springframework.security.web.session.DisableEncodeUrlFilter@52acb922, org.springframework.security.web.context.request.async.WebAsyncManagerIntegrationFilter@322ce4e0, org.springframework.security.web.context.SecurityContextPersistenceFilter@1d5abe23, org.springframework.security.web.header.HeaderWriterFilter@2b265cd8, org.springframework.security.web.authentication.logout.LogoutFilter@635d5618, org.springframework.security.web.authentication.UsernamePasswordAuthenticationFilter@3aba05b6, org.springframework.security.web.authentication.ui.DefaultLoginPageGeneratingFilter@50e9a5e9, org.springframework.security.web.authentication.ui.DefaultLogoutPageGeneratingFilter@720d0d79, org.springframework.security.web.authentication.www.BasicAuthenticationFilter@181cb492, org.springframework.security.web.savedrequest.RequestCacheAwareFilter@6aa7be8a, org.springframework.security.web.servletapi.SecurityContextHolderAwareRequestFilter@39cbfe43, org.springframework.security.web.authentication.AnonymousAuthenticationFilter@5621fca6, org.springframework.security.web.session.SessionManagementFilter@37d7fcf7, org.springframework.security.web.access.ExceptionTranslationFilter@419471ef, org.springframework.security.web.access.intercept.FilterSecurityInterceptor@7785b05c]
[0;39m[31m2024-04-18 00:31:17,999[0;39m [32m[INFO][0;39m com.zaxxer.hikari.HikariDataSource restartedMain [32mHikariPool-1 - Starting...
[0;39m[31m2024-04-18 00:31:18,000[0;39m [32m[WARN][0;39m com.zaxxer.hikari.util.DriverDataSource restartedMain [32mRegistered driver with driverClassName=oracle.jdbc.driver.OracleDriver was not found, trying direct instantiation.
[0;39m[31m2024-04-18 00:31:18,078[0;39m [32m[INFO][0;39m com.zaxxer.hikari.pool.PoolBase restartedMain [32mHikariPool-1 - Driver does not support get/set network timeout for connections. (oracle.jdbc.driver.T4CConnection.getNetworkTimeout()I)
[0;39m[31m2024-04-18 00:31:18,081[0;39m [32m[INFO][0;39m com.zaxxer.hikari.HikariDataSource restartedMain [32mHikariPool-1 - Start completed.
[0;39m[31m2024-04-18 00:31:18,185[0;39m [32m[INFO][0;39m org.springframework.boot.devtools.autoconfigure.OptionalLiveReloadServer restartedMain [32mLiveReload server is running on port 35729
[0;39m[31m2024-04-18 00:31:18,268[0;39m [32m[INFO][0;39m org.springframework.boot.web.embedded.tomcat.TomcatWebServer restartedMain [32mTomcat started on port(s): 8082 (http) with context path ''
[0;39m[31m2024-04-18 00:31:18,285[0;39m [32m[INFO][0;39m elements.spring.explore.SampleBackendAjaxApplication restartedMain [32mStarted SampleBackendAjaxApplication in 3.523 seconds (JVM running for 5.1)
[0;39m[31m2024-04-18 00:31:27,298[0;39m [32m[INFO][0;39m org.apache.catalina.core.ContainerBase.[Tomcat].[localhost].[/] http-nio-8082-exec-1 [32mInitializing Spring MessageDispatcherServlet 'messageDispatcherServlet'
[0;39m[31m2024-04-18 00:31:27,298[0;39m [32m[INFO][0;39m org.springframework.ws.transport.http.MessageDispatcherServlet http-nio-8082-exec-1 [32mInitializing Servlet 'messageDispatcherServlet'
[0;39m[31m2024-04-18 00:31:27,301[0;39m [32m[INFO][0;39m org.springframework.ws.soap.saaj.SaajSoapMessageFactory http-nio-8082-exec-1 [32mCreating SAAJ 1.3 MessageFactory with SOAP 1.1 Protocol
[0;39m[31m2024-04-18 00:31:27,311[0;39m [32m[INFO][0;39m org.springframework.ws.transport.http.MessageDispatcherServlet http-nio-8082-exec-1 [32mCompleted initialization in 13 ms
[0;39m[31m2024-04-18 00:31:27,339[0;39m [32m[INFO][0;39m org.apache.catalina.core.ContainerBase.[Tomcat].[localhost].[/] http-nio-8082-exec-1 [32mInitializing Spring DispatcherServlet 'dispatcherServlet'
[0;39m[31m2024-04-18 00:31:27,339[0;39m [32m[INFO][0;39m org.springframework.web.servlet.DispatcherServlet http-nio-8082-exec-1 [32mInitializing Servlet 'dispatcherServlet'
[0;39m[31m2024-04-18 00:31:27,339[0;39m [32m[INFO][0;39m org.springframework.web.servlet.DispatcherServlet http-nio-8082-exec-1 [32mCompleted initialization in 0 ms
[0;39m[31m2024-04-18 00:33:19,441[0;39m [32m[INFO][0;39m com.zaxxer.hikari.HikariDataSource SpringApplicationShutdownHook [32mHikariPool-1 - Shutdown initiated...
[0;39m[31m2024-04-18 00:33:19,450[0;39m [32m[INFO][0;39m com.zaxxer.hikari.HikariDataSource SpringApplicationShutdownHook [32mHikariPool-1 - Shutdown completed.
[0;39m[31m2024-04-18 00:33:24,468[0;39m [32m[INFO][0;39m elements.spring.explore.SampleBackendAjaxApplication restartedMain [32mStarting SampleBackendAjaxApplication using Java 1.8.0_202 on SRDB with PID 13496 (D:\Course backups\Java\DLithe2024Feb-Corporate-TietoEvry\sample-backend-ajax\target\classes started by SRDB in D:\Course backups\Java\DLithe2024Feb-Corporate-TietoEvry\sample-backend-ajax)
[0;39m[31m2024-04-18 00:33:24,469[0;39m [32m[INFO][0;39m elements.spring.explore.SampleBackendAjaxApplication restartedMain [32mNo active profile set, falling back to 1 default profile: "default"
[0;39m[31m2024-04-18 00:33:24,522[0;39m [32m[INFO][0;39m org.springframework.boot.devtools.restart.ChangeableUrls restartedMain [32mThe Class-Path manifest attribute in C:\Users\ADMIN\.m2\repository\com\oracle\database\security\oraclepki\21.5.0.0\oraclepki-21.5.0.0.jar referenced one or more files that do not exist: file:/C:/Users/ADMIN/.m2/repository/com/oracle/database/security/oraclepki/21.5.0.0/osdt_core.jar,file:/C:/Users/ADMIN/.m2/repository/com/oracle/database/security/oraclepki/21.5.0.0/osdt_cert.jar,file:/C:/Users/ADMIN/.m2/repository/com/oracle/database/security/oraclepki/oracle.osdt/osdt_core.jar,file:/C:/Users/ADMIN/.m2/repository/com/oracle/database/security/oraclepki/oracle.osdt/osdt_cert.jar
[0;39m[31m2024-04-18 00:33:24,522[0;39m [32m[INFO][0;39m org.springframework.boot.devtools.env.DevToolsPropertyDefaultsPostProcessor restartedMain [32mDevtools property defaults active! Set 'spring.devtools.add-properties' to 'false' to disable
[0;39m[31m2024-04-18 00:33:24,522[0;39m [32m[INFO][0;39m org.springframework.boot.devtools.env.DevToolsPropertyDefaultsPostProcessor restartedMain [32mFor additional web related logging consider setting the 'logging.level.web' property to 'DEBUG'
[0;39m[31m2024-04-18 00:33:25,270[0;39m [32m[INFO][0;39m org.springframework.data.repository.config.RepositoryConfigurationDelegate restartedMain [32mBootstrapping Spring Data JDBC repositories in DEFAULT mode.
[0;39m[31m2024-04-18 00:33:25,280[0;39m [32m[INFO][0;39m org.springframework.data.repository.config.RepositoryConfigurationDelegate restartedMain [32mFinished Spring Data repository scanning in 7 ms. Found 0 JDBC repository interfaces.
[0;39m[31m2024-04-18 00:33:25,475[0;39m [32m[INFO][0;39m org.springframework.context.support.PostProcessorRegistrationDelegate$BeanPostProcessorChecker restartedMain [32mBean 'soapServiceConfiguration' of type [elements.spring.explore.SoapServiceConfiguration$$EnhancerBySpringCGLIB$$b5880609] is not eligible for getting processed by all BeanPostProcessors (for example: not eligible for auto-proxying)
[0;39m[31m2024-04-18 00:33:25,476[0;39m [32m[INFO][0;39m org.springframework.context.support.PostProcessorRegistrationDelegate$BeanPostProcessorChecker restartedMain [32mBean 'org.springframework.ws.config.annotation.DelegatingWsConfiguration' of type [org.springframework.ws.config.annotation.DelegatingWsConfiguration$$EnhancerBySpringCGLIB$$d624e132] is not eligible for getting processed by all BeanPostProcessors (for example: not eligible for auto-proxying)
[0;39m[31m2024-04-18 00:33:25,549[0;39m [32m[INFO][0;39m org.springframework.ws.soap.addressing.server.AnnotationActionEndpointMapping restartedMain [32mSupporting [WS-Addressing August 2004, WS-Addressing 1.0]
[0;39m[31m2024-04-18 00:33:25,892[0;39m [32m[INFO][0;39m org.springframework.boot.web.embedded.tomcat.TomcatWebServer restartedMain [32mTomcat initialized with port(s): 8082 (http)
[0;39m[31m2024-04-18 00:33:25,902[0;39m [32m[INFO][0;39m org.apache.catalina.core.StandardService restartedMain [32mStarting service [Tomcat]
[0;39m[31m2024-04-18 00:33:25,903[0;39m [32m[INFO][0;39m org.apache.catalina.core.StandardEngine restartedMain [32mStarting Servlet engine: [Apache Tomcat/9.0.73]
[0;39m[31m2024-04-18 00:33:25,975[0;39m [32m[INFO][0;39m org.apache.catalina.core.ContainerBase.[Tomcat].[localhost].[/] restartedMain [32mInitializing Spring embedded WebApplicationContext
[0;39m[31m2024-04-18 00:33:25,975[0;39m [32m[INFO][0;39m org.springframework.boot.web.servlet.context.ServletWebServerApplicationContext restartedMain [32mRoot WebApplicationContext: initialization completed in 1452 ms
[0;39m[31m2024-04-18 00:33:26,832[0;39m [32m[INFO][0;39m org.springframework.security.web.DefaultSecurityFilterChain restartedMain [32mWill secure any request with [org.springframework.security.web.session.DisableEncodeUrlFilter@1abebed4, org.springframework.security.web.context.request.async.WebAsyncManagerIntegrationFilter@3418e386, org.springframework.security.web.context.SecurityContextPersistenceFilter@24ea8928, org.springframework.security.web.header.HeaderWriterFilter@51b7fbae, org.springframework.web.filter.CorsFilter@684ec9fe, org.springframework.security.web.authentication.logout.LogoutFilter@7eddd3a7, org.springframework.security.web.authentication.UsernamePasswordAuthenticationFilter@1651d20e, org.springframework.security.web.authentication.ui.DefaultLoginPageGeneratingFilter@5fb5bc98, org.springframework.security.web.authentication.ui.DefaultLogoutPageGeneratingFilter@3d4cd255, org.springframework.security.web.authentication.www.BasicAuthenticationFilter@78406983, org.springframework.security.web.savedrequest.RequestCacheAwareFilter@31aa5ff0, org.springframework.security.web.servletapi.SecurityContextHolderAwareRequestFilter@7824b78b, org.springframework.security.web.authentication.AnonymousAuthenticationFilter@526b8336, org.springframework.security.web.session.SessionManagementFilter@608ce31f, org.springframework.security.web.access.ExceptionTranslationFilter@9325c4d, org.springframework.security.web.access.intercept.FilterSecurityInterceptor@1965593c]
[0;39m[31m2024-04-18 00:33:27,190[0;39m [32m[INFO][0;39m com.zaxxer.hikari.HikariDataSource restartedMain [32mHikariPool-1 - Starting...
[0;39m[31m2024-04-18 00:33:27,194[0;39m [32m[WARN][0;39m com.zaxxer.hikari.util.DriverDataSource restartedMain [32mRegistered driver with driverClassName=oracle.jdbc.driver.OracleDriver was not found, trying direct instantiation.
[0;39m[31m2024-04-18 00:33:27,306[0;39m [32m[INFO][0;39m com.zaxxer.hikari.pool.PoolBase restartedMain [32mHikariPool-1 - Driver does not support get/set network timeout for connections. (oracle.jdbc.driver.T4CConnection.getNetworkTimeout()I)
[0;39m[31m2024-04-18 00:33:27,315[0;39m [32m[INFO][0;39m com.zaxxer.hikari.HikariDataSource restartedMain [32mHikariPool-1 - Start completed.
[0;39m[31m2024-04-18 00:33:27,556[0;39m [32m[INFO][0;39m org.springframework.boot.devtools.autoconfigure.OptionalLiveReloadServer restartedMain [32mLiveReload server is running on port 35729
[0;39m[31m2024-04-18 00:33:27,605[0;39m [32m[INFO][0;39m org.springframework.boot.web.embedded.tomcat.TomcatWebServer restartedMain [32mTomcat started on port(s): 8082 (http) with context path ''
[0;39m[31m2024-04-18 00:33:27,622[0;39m [32m[INFO][0;39m elements.spring.explore.SampleBackendAjaxApplication restartedMain [32mStarted SampleBackendAjaxApplication in 3.56 seconds (JVM running for 4.429)
[0;39m[31m2024-04-18 00:33:37,010[0;39m [32m[INFO][0;39m org.apache.catalina.core.ContainerBase.[Tomcat].[localhost].[/] http-nio-8082-exec-1 [32mInitializing Spring MessageDispatcherServlet 'messageDispatcherServlet'
[0;39m[31m2024-04-18 00:33:37,010[0;39m [32m[INFO][0;39m org.springframework.ws.transport.http.MessageDispatcherServlet http-nio-8082-exec-1 [32mInitializing Servlet 'messageDispatcherServlet'
[0;39m[31m2024-04-18 00:33:37,020[0;39m [32m[INFO][0;39m org.springframework.ws.soap.saaj.SaajSoapMessageFactory http-nio-8082-exec-1 [32mCreating SAAJ 1.3 MessageFactory with SOAP 1.1 Protocol
[0;39m[31m2024-04-18 00:33:37,084[0;39m [32m[INFO][0;39m org.springframework.ws.transport.http.MessageDispatcherServlet http-nio-8082-exec-1 [32mCompleted initialization in 74 ms
[0;39m[31m2024-04-18 00:33:52,383[0;39m [32m[INFO][0;39m org.apache.catalina.core.ContainerBase.[Tomcat].[localhost].[/] http-nio-8082-exec-4 [32mInitializing Spring DispatcherServlet 'dispatcherServlet'
[0;39m[31m2024-04-18 00:33:52,385[0;39m [32m[INFO][0;39m org.springframework.web.servlet.DispatcherServlet http-nio-8082-exec-4 [32mInitializing Servlet 'dispatcherServlet'
[0;39m[31m2024-04-18 00:33:52,389[0;39m [32m[INFO][0;39m org.springframework.web.servlet.DispatcherServlet http-nio-8082-exec-4 [32mCompleted initialization in 2 ms
[0;39m[31m2024-04-18 00:37:37,669[0;39m [32m[INFO][0;39m com.zaxxer.hikari.HikariDataSource SpringApplicationShutdownHook [32mHikariPool-1 - Shutdown initiated...
[0;39m[31m2024-04-18 00:37:37,727[0;39m [32m[INFO][0;39m com.zaxxer.hikari.HikariDataSource SpringApplicationShutdownHook [32mHikariPool-1 - Shutdown completed.
[0;39m